
235139 : 0x1f664c7b96226 : 1 : spill_jit_data :  Jit agent is not initialized
235041 : 0x1f664c7b9e072 : 2 : ittapi_config_mask_get :  --itt-config mask to be applied: 17
235041 : 0x1f664c7ba14c5 : 2 : ittapi_config_apply_per_lib :  ITTAPI function instrumented: __itt_domain_create
235041 : 0x1f664c7ba24f1 : 2 : ittapi_config_apply_per_lib :  ITTAPI function instrumented: __itt_module_load_with_sections
235041 : 0x1f664c7ba381f : 2 : ittapi_config_apply_per_lib :  ITTAPI function not implemented: __itt_module_unload_with_sections
235041 : 0x1f664c7ba43bf : 2 : ittapi_config_apply_per_lib :  ITTAPI function instrumented: __itt_string_handle_create
235041 : 0x1f664c7ba4ca5 : 2 : ittapi_config_apply_per_lib :  ITTAPI function instrumented: __itt_counter_create
235041 : 0x1f664c7ba553b : 2 : ittapi_config_apply_per_lib :  ITTAPI function instrumented: __itt_counter_create_typed
235041 : 0x1f664c7ba5e93 : 2 : ittapi_config_apply_per_lib :  ITTAPI function instrumented: __itt_pause
235041 : 0x1f664c7ba66f2 : 2 : ittapi_config_apply_per_lib :  ITTAPI function instrumented: __itt_resume
235041 : 0x1f664c7bb0e3e : 2 : ittapi_config_apply_per_lib :  ITTAPI function instrumented: __itt_thread_set_name
235041 : 0x1f664c7bb174b : 2 : ittapi_config_apply_per_lib :  ITTAPI function instrumented: __itt_thread_ignore
235041 : 0x1f664c7bb1df7 : 2 : ittapi_config_apply_per_lib :  ITTAPI function instrumented: __itt_thr_name_set
235041 : 0x1f664c7bb24ba : 2 : ittapi_config_apply_per_lib :  ITTAPI function instrumented: __itt_thr_ignore
235041 : 0x1f664c7bb2bcf : 2 : ittapi_config_apply_per_lib :  ITTAPI function instrumented: __itt_histogram_create
235041 : 0x1f664c7bb3633 : 2 : ittapi_config_apply_per_lib :  ITTAPI function not implemented: __itt_enable_attach
235041 : 0x1f664c7bb3e53 : 2 : ittapi_config_apply_per_lib :  ITTAPI function instrumented: __itt_detach
235041 : 0x1f664c7bb4440 : 2 : ittapi_config_apply_per_lib :  ITTAPI function NOT instrumented (not matched by --itt-config option): __itt_sync_create

235041 : 0x1f664c7bb4bdf : 2 : ittapi_config_apply_per_lib :  ITTAPI function NOT instrumented (not matched by --itt-config option): __itt_sync_rename

235041 : 0x1f664c7bb511a : 2 : ittapi_config_apply_per_lib :  ITTAPI function NOT instrumented (not matched by --itt-config option): __itt_sync_destroy

235041 : 0x1f664c7bb7ae7 : 2 : ittapi_config_apply_per_lib :  ITTAPI function NOT instrumented (not matched by --itt-config option): __itt_sync_prepare

235041 : 0x1f664c7bb81d0 : 2 : ittapi_config_apply_per_lib :  ITTAPI function NOT instrumented (not matched by --itt-config option): __itt_sync_cancel

235041 : 0x1f664c7bb88f3 : 2 : ittapi_config_apply_per_lib :  ITTAPI function NOT instrumented (not matched by --itt-config option): __itt_sync_acquired

235041 : 0x1f664c7bb8e26 : 2 : ittapi_config_apply_per_lib :  ITTAPI function NOT instrumented (not matched by --itt-config option): __itt_sync_releasing

235041 : 0x1f664c7bb9757 : 2 : ittapi_config_apply_per_lib :  ITTAPI function not implemented: __itt_suppress_push
235041 : 0x1f664c7bba24f : 2 : ittapi_config_apply_per_lib :  ITTAPI function not implemented: __itt_suppress_pop
235041 : 0x1f664c7bbab39 : 2 : ittapi_config_apply_per_lib :  ITTAPI function not implemented: __itt_suppress_mark_range
235041 : 0x1f664c7bbb43e : 2 : ittapi_config_apply_per_lib :  ITTAPI function not implemented: __itt_suppress_clear_range
235041 : 0x1f664c7bbb958 : 2 : ittapi_config_apply_per_lib :  ITTAPI function NOT instrumented (not matched by --itt-config option): __itt_sync_prepare

235041 : 0x1f664c7bbbe80 : 2 : ittapi_config_apply_per_lib :  ITTAPI function NOT instrumented (not matched by --itt-config option): __itt_sync_cancel

235041 : 0x1f664c7bbdd15 : 2 : ittapi_config_apply_per_lib :  ITTAPI function NOT instrumented (not matched by --itt-config option): __itt_sync_acquired

235041 : 0x1f664c7bbe2fa : 2 : ittapi_config_apply_per_lib :  ITTAPI function NOT instrumented (not matched by --itt-config option): __itt_sync_releasing

235041 : 0x1f664c7bbe93f : 2 : ittapi_config_apply_per_lib :  ITTAPI function NOT instrumented (not matched by --itt-config option): __itt_model_site_begin

235041 : 0x1f664c7bbeed4 : 2 : ittapi_config_apply_per_lib :  ITTAPI function NOT instrumented (not matched by --itt-config option): __itt_model_site_end

235041 : 0x1f664c7bbf480 : 2 : ittapi_config_apply_per_lib :  ITTAPI function NOT instrumented (not matched by --itt-config option): __itt_model_task_begin

235041 : 0x1f664c7bbfa08 : 2 : ittapi_config_apply_per_lib :  ITTAPI function NOT instrumented (not matched by --itt-config option): __itt_model_task_end

235041 : 0x1f664c7bc001e : 2 : ittapi_config_apply_per_lib :  ITTAPI function NOT instrumented (not matched by --itt-config option): __itt_model_lock_acquire

235041 : 0x1f664c7bc060c : 2 : ittapi_config_apply_per_lib :  ITTAPI function NOT instrumented (not matched by --itt-config option): __itt_model_lock_release

235041 : 0x1f664c7bc0c69 : 2 : ittapi_config_apply_per_lib :  ITTAPI function NOT instrumented (not matched by --itt-config option): __itt_model_record_allocation

235041 : 0x1f664c7bc11d5 : 2 : ittapi_config_apply_per_lib :  ITTAPI function NOT instrumented (not matched by --itt-config option): __itt_model_record_deallocation

235041 : 0x1f664c7bc468b : 2 : ittapi_config_apply_per_lib :  ITTAPI function NOT instrumented (not matched by --itt-config option): __itt_model_induction_uses

235041 : 0x1f664c7bc4d2a : 2 : ittapi_config_apply_per_lib :  ITTAPI function NOT instrumented (not matched by --itt-config option): __itt_model_reduction_uses

235041 : 0x1f664c7bc52a4 : 2 : ittapi_config_apply_per_lib :  ITTAPI function NOT instrumented (not matched by --itt-config option): __itt_model_observe_uses

235041 : 0x1f664c7bc57c6 : 2 : ittapi_config_apply_per_lib :  ITTAPI function NOT instrumented (not matched by --itt-config option): __itt_model_clear_uses

235041 : 0x1f664c7bc5cfc : 2 : ittapi_config_apply_per_lib :  ITTAPI function NOT instrumented (not matched by --itt-config option): __itt_model_site_beginA

235041 : 0x1f664c7bc624f : 2 : ittapi_config_apply_per_lib :  ITTAPI function NOT instrumented (not matched by --itt-config option): __itt_model_site_beginAL

235041 : 0x1f664c7bc677f : 2 : ittapi_config_apply_per_lib :  ITTAPI function NOT instrumented (not matched by --itt-config option): __itt_model_task_beginA

235041 : 0x1f664c7bc6c43 : 2 : ittapi_config_apply_per_lib :  ITTAPI function NOT instrumented (not matched by --itt-config option): __itt_model_task_beginAL

235041 : 0x1f664c7bc7196 : 2 : ittapi_config_apply_per_lib :  ITTAPI function NOT instrumented (not matched by --itt-config option): __itt_model_iteration_taskA

235041 : 0x1f664c7bc76f0 : 2 : ittapi_config_apply_per_lib :  ITTAPI function NOT instrumented (not matched by --itt-config option): __itt_model_iteration_taskAL

235041 : 0x1f664c7bc9612 : 2 : ittapi_config_apply_per_lib :  ITTAPI function NOT instrumented (not matched by --itt-config option): __itt_model_site_end_2

235041 : 0x1f664c7bc9c1c : 2 : ittapi_config_apply_per_lib :  ITTAPI function NOT instrumented (not matched by --itt-config option): __itt_model_task_end_2

235041 : 0x1f664c7bca12a : 2 : ittapi_config_apply_per_lib :  ITTAPI function NOT instrumented (not matched by --itt-config option): __itt_model_lock_acquire_2

235041 : 0x1f664c7bca6fb : 2 : ittapi_config_apply_per_lib :  ITTAPI function NOT instrumented (not matched by --itt-config option): __itt_model_lock_release_2

235041 : 0x1f664c7bcacbb : 2 : ittapi_config_apply_per_lib :  ITTAPI function NOT instrumented (not matched by --itt-config option): __itt_model_aggregate_task

235041 : 0x1f664c7bcb21b : 2 : ittapi_config_apply_per_lib :  ITTAPI function NOT instrumented (not matched by --itt-config option): __itt_model_disable_push

235041 : 0x1f664c7bcb82d : 2 : ittapi_config_apply_per_lib :  ITTAPI function NOT instrumented (not matched by --itt-config option): __itt_model_disable_pop

235041 : 0x1f664c7bcbf74 : 2 : ittapi_config_apply_per_lib :  ITTAPI function instrumented: __itt_heap_function_create
235041 : 0x1f664c7bcc75c : 2 : ittapi_config_apply_per_lib :  ITTAPI function instrumented: __itt_heap_allocate_begin
235041 : 0x1f664c7bcce5f : 2 : ittapi_config_apply_per_lib :  ITTAPI function instrumented: __itt_heap_allocate_end
235041 : 0x1f664c7bcfdc6 : 2 : ittapi_config_apply_per_lib :  ITTAPI function instrumented: __itt_heap_free_begin
235041 : 0x1f664c7bd05dc : 2 : ittapi_config_apply_per_lib :  ITTAPI function instrumented: __itt_heap_free_end
235041 : 0x1f664c7bd0ccb : 2 : ittapi_config_apply_per_lib :  ITTAPI function instrumented: __itt_heap_reallocate_begin
235041 : 0x1f664c7bd12e6 : 2 : ittapi_config_apply_per_lib :  ITTAPI function instrumented: __itt_heap_reallocate_end
235041 : 0x1f664c7bd1a61 : 2 : ittapi_config_apply_per_lib :  ITTAPI function not implemented: __itt_heap_internal_access_begin
235041 : 0x1f664c7bd21f6 : 2 : ittapi_config_apply_per_lib :  ITTAPI function not implemented: __itt_heap_internal_access_end
235041 : 0x1f664c7bd29b4 : 2 : ittapi_config_apply_per_lib :  ITTAPI function not implemented: __itt_heap_record_memory_growth_begin
235041 : 0x1f664c7bd312e : 2 : ittapi_config_apply_per_lib :  ITTAPI function not implemented: __itt_heap_record_memory_growth_end
235041 : 0x1f664c7bd38e1 : 2 : ittapi_config_apply_per_lib :  ITTAPI function not implemented: __itt_heap_reset_detection
235041 : 0x1f664c7bd41c1 : 2 : ittapi_config_apply_per_lib :  ITTAPI function not implemented: __itt_heap_record
235041 : 0x1f664c7bd6514 : 2 : ittapi_config_apply_per_lib :  ITTAPI function not implemented: __itt_id_create
235041 : 0x1f664c7bd6ed2 : 2 : ittapi_config_apply_per_lib :  ITTAPI function not implemented: __itt_id_destroy
235041 : 0x1f664c7bd7656 : 2 : ittapi_config_apply_per_lib :  ITTAPI function instrumented: __itt_get_timestamp
235041 : 0x1f664c7bd7e79 : 2 : ittapi_config_apply_per_lib :  ITTAPI function not implemented: __itt_region_begin
235041 : 0x1f664c7bd86ee : 2 : ittapi_config_apply_per_lib :  ITTAPI function not implemented: __itt_region_end
235041 : 0x1f664c7bd8ed1 : 2 : ittapi_config_apply_per_lib :  ITTAPI function instrumented: __itt_frame_begin_v3
235041 : 0x1f664c7bd9650 : 2 : ittapi_config_apply_per_lib :  ITTAPI function instrumented: __itt_frame_end_v3
235041 : 0x1f664c7bd9d61 : 2 : ittapi_config_apply_per_lib :  ITTAPI function instrumented: __itt_frame_submit_v3
235041 : 0x1f664c7bda2ef : 2 : ittapi_config_apply_per_lib :  ITTAPI function NOT instrumented (not matched by --itt-config option): __itt_task_group

235041 : 0x1f664c7bda84d : 2 : ittapi_config_apply_per_lib :  ITTAPI function NOT instrumented (not matched by --itt-config option): __itt_task_begin

235041 : 0x1f664c7bdc665 : 2 : ittapi_config_apply_per_lib :  ITTAPI function NOT instrumented (not matched by --itt-config option): __itt_task_begin_fn

235041 : 0x1f664c7bdcc88 : 2 : ittapi_config_apply_per_lib :  ITTAPI function NOT instrumented (not matched by --itt-config option): __itt_task_end

235041 : 0x1f664c7bdd235 : 2 : ittapi_config_apply_per_lib :  ITTAPI function NOT instrumented (not matched by --itt-config option): __itt_counter_inc_v3

235041 : 0x1f664c7bdd773 : 2 : ittapi_config_apply_per_lib :  ITTAPI function NOT instrumented (not matched by --itt-config option): __itt_counter_inc_delta_v3

235041 : 0x1f664c7bddc7c : 2 : ittapi_config_apply_per_lib :  ITTAPI function NOT instrumented (not matched by --itt-config option): __itt_counter_dec_v3

235041 : 0x1f664c7bde148 : 2 : ittapi_config_apply_per_lib :  ITTAPI function NOT instrumented (not matched by --itt-config option): __itt_counter_dec_delta_v3

235041 : 0x1f664c7bde957 : 2 : ittapi_config_apply_per_lib :  ITTAPI function not implemented: __itt_marker
235041 : 0x1f664c7bdf0c1 : 2 : ittapi_config_apply_per_lib :  ITTAPI function instrumented: __itt_metadata_add
235041 : 0x1f664c7bdf8ef : 2 : ittapi_config_apply_per_lib :  ITTAPI function not implemented: __itt_metadata_str_add
235041 : 0x1f664c7be00bf : 2 : ittapi_config_apply_per_lib :  ITTAPI function not implemented: __itt_relation_add_to_current
235041 : 0x1f664c7be2397 : 2 : ittapi_config_apply_per_lib :  ITTAPI function not implemented: __itt_relation_add
235041 : 0x1f664c7be2af6 : 2 : ittapi_config_apply_per_lib :  ITTAPI function instrumented: __itt_event_create
235041 : 0x1f664c7be302e : 2 : ittapi_config_apply_per_lib :  ITTAPI function NOT instrumented (not matched by --itt-config option): __itt_event_start

235041 : 0x1f664c7be3562 : 2 : ittapi_config_apply_per_lib :  ITTAPI function NOT instrumented (not matched by --itt-config option): __itt_event_end

235041 : 0x1f664c7be3aab : 2 : ittapi_config_apply_per_lib :  ITTAPI function NOT instrumented (not matched by --itt-config option): __itt_sync_set_name

235041 : 0x1f664c7be3fb8 : 2 : ittapi_config_apply_per_lib :  ITTAPI function NOT instrumented (not matched by --itt-config option): __itt_notify_sync_name

235041 : 0x1f664c7be44e6 : 2 : ittapi_config_apply_per_lib :  ITTAPI function NOT instrumented (not matched by --itt-config option): __itt_notify_sync_prepare

235041 : 0x1f664c7be49af : 2 : ittapi_config_apply_per_lib :  ITTAPI function NOT instrumented (not matched by --itt-config option): __itt_notify_sync_cancel

235041 : 0x1f664c7be4ee5 : 2 : ittapi_config_apply_per_lib :  ITTAPI function NOT instrumented (not matched by --itt-config option): __itt_notify_sync_acquired

235041 : 0x1f664c7be5438 : 2 : ittapi_config_apply_per_lib :  ITTAPI function NOT instrumented (not matched by --itt-config option): __itt_notify_sync_releasing

235041 : 0x1f664c7be859c : 2 : ittapi_config_apply_per_lib :  ITTAPI function not implemented: __itt_memory_read
235041 : 0x1f664c7be8f4b : 2 : ittapi_config_apply_per_lib :  ITTAPI function not implemented: __itt_memory_write
235041 : 0x1f664c7be96da : 2 : ittapi_config_apply_per_lib :  ITTAPI function not implemented: __itt_memory_update
235041 : 0x1f664c7be9f9c : 2 : ittapi_config_apply_per_lib :  ITTAPI function not implemented: __itt_state_get
235041 : 0x1f664c7bea706 : 2 : ittapi_config_apply_per_lib :  ITTAPI function not implemented: __itt_state_set
235041 : 0x1f664c7beaead : 2 : ittapi_config_apply_per_lib :  ITTAPI function not implemented: __itt_obj_mode_set
235041 : 0x1f664c7beb6c7 : 2 : ittapi_config_apply_per_lib :  ITTAPI function not implemented: __itt_thr_mode_set
235041 : 0x1f664c7bebcea : 2 : ittapi_config_apply_per_lib :  ITTAPI function instrumented: __itt_frame_create
235041 : 0x1f664c7bec32a : 2 : ittapi_config_apply_per_lib :  ITTAPI function instrumented: __itt_pt_region_create
235041 : 0x1f664c7beca3b : 2 : ittapi_config_apply_per_lib :  ITTAPI function instrumented: __itt_frame_begin
235041 : 0x1f664c7beeae2 : 2 : ittapi_config_apply_per_lib :  ITTAPI function instrumented: __itt_frame_end
235041 : 0x1f664c7bef13a : 2 : ittapi_config_apply_per_lib :  ITTAPI function NOT instrumented (not matched by --itt-config option): __itt_counter_destroy

235041 : 0x1f664c7bef6c9 : 2 : ittapi_config_apply_per_lib :  ITTAPI function NOT instrumented (not matched by --itt-config option): __itt_counter_inc

235041 : 0x1f664c7befc21 : 2 : ittapi_config_apply_per_lib :  ITTAPI function NOT instrumented (not matched by --itt-config option): __itt_counter_inc_delta

235041 : 0x1f664c7bf013a : 2 : ittapi_config_apply_per_lib :  ITTAPI function NOT instrumented (not matched by --itt-config option): __itt_counter_dec

235041 : 0x1f664c7bf0663 : 2 : ittapi_config_apply_per_lib :  ITTAPI function NOT instrumented (not matched by --itt-config option): __itt_counter_dec_delta

235041 : 0x1f664c7bf0b23 : 2 : ittapi_config_apply_per_lib :  ITTAPI function NOT instrumented (not matched by --itt-config option): __itt_counter_set_value

235041 : 0x1f664c7bf0fe3 : 2 : ittapi_config_apply_per_lib :  ITTAPI function NOT instrumented (not matched by --itt-config option): __itt_counter_set_value_ex

235041 : 0x1f664c7bf16e5 : 2 : ittapi_config_apply_per_lib :  ITTAPI function not implemented: __itt_mark_create
235041 : 0x1f664c7bf1e73 : 2 : ittapi_config_apply_per_lib :  ITTAPI function not implemented: __itt_mark
235041 : 0x1f664c7bf3e4c : 2 : ittapi_config_apply_per_lib :  ITTAPI function not implemented: __itt_mark_off
235041 : 0x1f664c7bf4743 : 2 : ittapi_config_apply_per_lib :  ITTAPI function not implemented: __itt_mark_global
235041 : 0x1f664c7bf4f47 : 2 : ittapi_config_apply_per_lib :  ITTAPI function not implemented: __itt_mark_global_off
235041 : 0x1f664c7bf5759 : 2 : ittapi_config_apply_per_lib :  ITTAPI function instrumented: __itt_stack_caller_create
235041 : 0x1f664c7bf5eef : 2 : ittapi_config_apply_per_lib :  ITTAPI function instrumented: __itt_stack_caller_destroy
235041 : 0x1f664c7bf6675 : 2 : ittapi_config_apply_per_lib :  ITTAPI function instrumented: __itt_stack_callee_enter
235041 : 0x1f664c7bf6d7a : 2 : ittapi_config_apply_per_lib :  ITTAPI function instrumented: __itt_stack_callee_leave
235041 : 0x1f664c7bf745f : 2 : ittapi_config_apply_per_lib :  ITTAPI function not implemented: __itt_clock_domain_create
235041 : 0x1f664c7bf7c43 : 2 : ittapi_config_apply_per_lib :  ITTAPI function not implemented: __itt_clock_domain_reset
235041 : 0x1f664c7bf836d : 2 : ittapi_config_apply_per_lib :  ITTAPI function not implemented: __itt_id_create_ex
235041 : 0x1f664c7bfb15b : 2 : ittapi_config_apply_per_lib :  ITTAPI function not implemented: __itt_id_destroy_ex
235041 : 0x1f664c7bfb787 : 2 : ittapi_config_apply_per_lib :  ITTAPI function NOT instrumented (not matched by --itt-config option): __itt_task_begin_ex

235041 : 0x1f664c7bfbcab : 2 : ittapi_config_apply_per_lib :  ITTAPI function NOT instrumented (not matched by --itt-config option): __itt_task_begin_fn_ex

235041 : 0x1f664c7bfc1dc : 2 : ittapi_config_apply_per_lib :  ITTAPI function NOT instrumented (not matched by --itt-config option): __itt_task_end_ex

235041 : 0x1f664c7bfc6ca : 2 : ittapi_config_apply_per_lib :  ITTAPI function NOT instrumented (not matched by --itt-config option): __itt_task_begin_overlapped

235041 : 0x1f664c7bfcb78 : 2 : ittapi_config_apply_per_lib :  ITTAPI function NOT instrumented (not matched by --itt-config option): __itt_task_begin_overlapped_ex

235041 : 0x1f664c7bfd053 : 2 : ittapi_config_apply_per_lib :  ITTAPI function NOT instrumented (not matched by --itt-config option): __itt_task_end_overlapped

235041 : 0x1f664c7bfd4f9 : 2 : ittapi_config_apply_per_lib :  ITTAPI function NOT instrumented (not matched by --itt-config option): __itt_task_end_overlapped_ex

235041 : 0x1f664c7bfdc22 : 2 : ittapi_config_apply_per_lib :  ITTAPI function not implemented: __itt_marker_ex
235041 : 0x1f664c7bfe44f : 2 : ittapi_config_apply_per_lib :  ITTAPI function not implemented: __itt_metadata_add_with_scope
235041 : 0x1f664c7c00468 : 2 : ittapi_config_apply_per_lib :  ITTAPI function not implemented: __itt_metadata_str_add_with_scope
235041 : 0x1f664c7c00d6b : 2 : ittapi_config_apply_per_lib :  ITTAPI function not implemented: __itt_relation_add_to_current_ex
235041 : 0x1f664c7c01502 : 2 : ittapi_config_apply_per_lib :  ITTAPI function not implemented: __itt_relation_add_ex
235041 : 0x1f664c7c01ca6 : 2 : ittapi_config_apply_per_lib :  ITTAPI function not implemented: __itt_track_group_create
235041 : 0x1f664c7c0235d : 2 : ittapi_config_apply_per_lib :  ITTAPI function not implemented: __itt_track_create
235041 : 0x1f664c7c02b03 : 2 : ittapi_config_apply_per_lib :  ITTAPI function not implemented: __itt_set_track
235041 : 0x1f664c7c03254 : 2 : ittapi_config_apply_per_lib :  ITTAPI function instrumented: __itt_api_version
235041 : 0x1f664c7c03a16 : 2 : ittapi_config_apply_per_lib :  ITTAPI function not implemented: __itt_av_save
235041 : 0x1f664c7c04138 : 2 : ittapi_config_apply_per_lib :  ITTAPI function instrumented: __itt_module_load
235041 : 0x1f664c7c048b1 : 2 : ittapi_config_apply_per_lib :  ITTAPI function not implemented: __itt_module_unload
235041 : 0x1f664c7c06803 : 2 : ittapi_config_apply_per_lib :  ITTAPI function NOT instrumented (not matched by --itt-config option): __itt_histogram_submit
