21 [140497226839936] INFO perfrun.launcher <> - Launcher main begin
22 [140497226839936] INFO perfrun.launcher <> - MessageCatalogInit finished
22 [140497226839936] INFO perfrun.launcher <> - Launcher instance created
22 [140497226839936] INFO perfrun.launcher <> - argc = 6; cmdline = /opt/intel/oneapi/vtune/2023.1.0/bin64/amplxe-runss -dump-vdso -r /ws2/yfulwani/Profiling_Guide/Vtune_Profiler/VTune_Profiler_Results/oneapi_optimized_results/performance_snapshot_results --tmp-dir /tmp/amplxe-tmp-yfulwani 
101 [140497226839936] INFO perfrun.launcher <> - create msngr2::ICliToolContext
101 [140497226839936] INFO perfrun.launcher <> - create file finder object
134 [140497075037760] INFO perfrun.launcher <> - plugin [remoteplug] was disabled because it doesn't support the given collection type.
134 [140497075037760] INFO perfrun.launcher <> - plugin [system] was disabled because it doesn't support the given collection type.
134 [140497075037760] INFO perfrun.vdso <> - dumping [vdso] pseudomodule
135 [140497075037760] WARN perfrun.vdso <> - could not archive [vdso], return code 5, at file: vcs/perfrun1/plugins/vdso/src/vdso_collector.cpp:264
135 [140497075037760] INFO perfrun.launcher <> - plugin [itt] was disabled because it doesn't support the given collection type.
136 [140497075037760] INFO perfrun.launcher <> - plugin [ptracecollector] was disabled because it doesn't support the given collection type.
136 [140497075037760] INFO perfrun.launcher <> - plugin [gpu] was disabled because it doesn't support the given collection type.
136 [140497075037760] INFO perfrun.launcher <> - plugin [] was disabled because it doesn't support the given collection type.
136 [140497075037760] INFO perfrun.launcher <> - plugin [] was disabled because it doesn't support the given collection type.
136 [140497075037760] INFO perfrun.launcher <> - plugin [] was disabled because it doesn't support the given collection type.
136 [140497075037760] INFO perfrun.launcher <> - plugin [mrte] was disabled because it doesn't support the given collection type.
136 [140497075037760] INFO perfrun.launcher <> - plugin [emon] was disabled because it doesn't support the given collection type.
136 [140497075037760] INFO perfrun.launcher <> - plugin [cuscol] was disabled because it doesn't support the given collection type.
136 [140497075037760] INFO perfrun.launcher <> - plugin [stdsrc] was disabled because it doesn't support the given collection type.
136 [140497075037760] INFO perfrun.launcher <> - plugin [sep] was disabled because it doesn't support the given collection type.
136 [140497075037760] INFO perfrun.launcher <> - plugin [vtsspp] was disabled because it doesn't support the given collection type.
136 [140497075037760] INFO perfrun.launcher <> - plugin [perf] was disabled because it doesn't support the given collection type.
136 [140497075037760] INFO perfrun.launcher <> - plugin [aoclprofile] was disabled because it doesn't support the given collection type.
136 [140497075037760] INFO perfrun.launcher <> - plugin [tpss] was disabled because it doesn't support the given collection type.
136 [140497075037760] INFO perfrun.launcher <> - plugin [media] was disabled because it doesn't support the given collection type.
136 [140497075037760] INFO perfrun.launcher <> - plugin [] was disabled because it doesn't support the given collection type.
136 [140497075037760] INFO perfrun.launcher <> - plugin [] was disabled because it doesn't support the given collection type.
136 [140497075037760] INFO perfrun.launcher <> - plugin [parallelfs] was disabled because it doesn't support the given collection type.
136 [140497075037760] INFO perfrun.launcher <> - plugin [power] was disabled because it doesn't support the given collection type.
136 [140497075037760] INFO perfrun.launcher <> - plugin [hwloc] was disabled because it doesn't support the given collection type.
136 [140497075037760] INFO perfrun.launcher <> - plugin [ipmwatch] was disabled because it doesn't support the given collection type.
136 [140497075037760] INFO perfrun.launcher <> - plugin [os_counters] was disabled because it doesn't support the given collection type.
136 [140497075037760] INFO perfrun.launcher <> - plugin [l0_metrics] was disabled because it doesn't support the given collection type.
136 [140497226839936] INFO perfrun.launcher <> - Application exit code: 0
136 [140497226839936] INFO perfrun.launcher <> - Exit code: 0
