21 [139810596099968] INFO perfrun.launcher <> - Launcher main begin
22 [139810596099968] INFO perfrun.launcher <> - MessageCatalogInit finished
22 [139810596099968] INFO perfrun.launcher <> - Launcher instance created
22 [139810596099968] INFO perfrun.launcher <> - argc = 7; cmdline = /opt/intel/oneapi/vtune/2023.1.0/bin64/amplxe-runss --ui-output-format xml --ui-output-fd 5 --option-file /ws2/yfulwani/Profiling_Guide/Vtune_Profiler/VTune_Profiler_Results/oneapi_optimized_results/performance_snapshot_results/config/runss.options 
104 [139810596099968] INFO perfrun.launcher <> - create msngr2::ICliToolContext
105 [139810596099968] INFO perfrun.launcher <> - create file finder object
105 [139810596099968] INFO perfrun.launcher <> - create a result directory: pattern = /ws2/yfulwani/Profiling_Guide/Vtune_Profiler/VTune_Profiler_Results/oneapi_optimized_results/performance_snapshot_results pid = 4294967295
124 [139810596099968] INFO perfrun.sdk <> - checked that the directory /ws2/yfulwani/Profiling_Guide/Vtune_Profiler/VTune_Profiler_Results/oneapi_optimized_results/performance_snapshot_results is a local directory
124 [139810596099968] INFO perfrun.sdk <> - the directory /ws2/yfulwani/Profiling_Guide/Vtune_Profiler/VTune_Profiler_Results/oneapi_optimized_results/performance_snapshot_results is a local directory with FS type ID 61267
124 [139810596099968] INFO perfrun.launcher <> - create data directory = /ws2/yfulwani/Profiling_Guide/Vtune_Profiler/VTune_Profiler_Results/oneapi_optimized_results/performance_snapshot_results/data.0
124 [139810596099968] INFO perfrun.launcher <> - Creating the master collection flag
125 [139810596099968] INFO perfrun.launcher <> - Done creating the master collection flag
155 [139810444404288] INFO perfrun.launcher <> - plugin [remoteplug] was disabled because it doesn't support the given collection type.
156 [139810444404288] INFO perfrun.sdk <> - Allocating TMU :/ws2/yfulwani/Profiling_Guide/Vtune_Profiler/VTune_Profiler_Results/oneapi_optimized_results/performance_snapshot_results/data.0/systemcollector-322373-icx01-tce.sc
156 [139810444404288] INFO perfrun.system <> - Tpss based collection
156 [139810444404288] INFO perfrun.launcher <> - plugin [ptracecollector] was disabled because it doesn't support the given collection type.
156 [139810444404288] INFO perfrun.launcher <> - plugin [gpu] was disabled because it doesn't support the given collection type.
156 [139810444404288] INFO perfrun.launcher <> - plugin [] was disabled because it doesn't support the given collection type.
156 [139810444404288] INFO perfrun.launcher <> - plugin [] was disabled because it doesn't support the given collection type.
156 [139810444404288] INFO perfrun.launcher <> - plugin [] was disabled because it doesn't support the given collection type.
156 [139810444404288] INFO perfrun.mrte <> - system-wide mode is 0
156 [139810444404288] INFO perfrun.mrte <> - Getting  mrte profiling environment ...
175 [139810444404288] INFO perfrun.mrte <> - INTEL_MRTE_DATA_DIR=/ws2/yfulwani/Profiling_Guide/Vtune_Profiler/VTune_Profiler_Results/oneapi_optimized_results/performance_snapshot_results/data.0
175 [139810444404288] INFO perfrun.mrte <> - INTEL_MRTE_HOST_NAME=icx01-tce
175 [139810444404288] INFO perfrun.mrte <> - JAVA_TOOL_OPTIONS=-agentlib:amplxe_tpssmrte_javaprof_1.0 -Dsun.boot.library.path=/opt/intel/oneapi/vtune/2023.1.0/lib32/runtime:/opt/intel/oneapi/vtune/2023.1.0/lib64/runtime
175 [139810444404288] INFO perfrun.mrte <> - LD_LIBRARY_PATH=/opt/intel/oneapi/vtune/2023.1.0/lib32/runtime:/opt/intel/oneapi/vtune/2023.1.0/lib64/runtime:/ws2/yfulwani/anaconda3/envs/doc_class_intel/lib/libfabric:/opt/intel/oneapi/vpl/2023.0.0/lib:/opt/intel/oneapi/tbb/2021.8.0/env/../lib/intel64/gcc4.8:/opt/intel/oneapi/mpi/2021.8.0//libfabric/lib:/opt/intel/oneapi/mpi/2021.8.0//lib/release:/opt/intel/oneapi/mpi/2021.8.0//lib:/opt/intel/oneapi/mkl/2023.0.0/lib/intel64:/opt/intel/oneapi/ipp/2021.7.0/lib/intel64:/opt/intel/oneapi/ippcp/2021.6.3/lib/intel64:/opt/intel/oneapi/ipp/2021.7.0/lib/intel64:/opt/intel/oneapi/dnnl/2023.0.0/cpu_dpcpp_gpu_dpcpp/lib:/opt/intel/oneapi/debugger/2023.0.0/gdb/intel64/lib:/opt/intel/oneapi/debugger/2023.0.0/libipt/intel64/lib:/opt/intel/oneapi/debugger/2023.0.0/dep/lib:/opt/intel/oneapi/dal/2023.0.0/lib/intel64:/opt/intel/oneapi/compiler/2023.0.0/linux/lib:/opt/intel/oneapi/compiler/2023.0.0/linux/lib/x64:/opt/intel/oneapi/compiler/2023.0.0/linux/lib/oclfpga/host/linux64/lib:/opt/intel/oneapi/compiler/2023.0.0/linux/compiler/lib/intel64_lin:/opt/intel/oneapi/ccl/2021.8.0/lib/cpu_gpu_dpcpp:
175 [139810444404288] INFO perfrun.mrte <> - CORECLR_ENABLE_PROFILING=1
175 [139810444404288] INFO perfrun.mrte <> - CORECLR_PROFILER={AA5E4821-E3B1-479c-B7FF-5AD047D22CED}
175 [139810444404288] INFO perfrun.mrte <> - CORECLR_PROFILER_PATH=/opt/intel/oneapi/vtune/2023.1.0/lib64/libamplxe_samplingmrte_clrprof_1.0.so
175 [139810444404288] INFO perfrun.mrte <> - INTEL_MRTE_PROFILER_MODE=mixed
175 [139810444404288] INFO perfrun.mrte <> - Data directory: /ws2/yfulwani/Profiling_Guide/Vtune_Profiler/VTune_Profiler_Results/oneapi_optimized_results/performance_snapshot_results/data.0
175 [139810444404288] INFO perfrun.mrte <> - Mrte plugin is initialized
175 [139810444404288] INFO perfrun.launcher <> - plugin [emon] was disabled because it doesn't support the given collection type.
175 [139810444404288] INFO perfrun.launcher <> - plugin [cuscol] was disabled because it doesn't support the given collection type.
175 [139810444404288] INFO perfrun.launcher <> - plugin [stdsrc] was disabled because it doesn't support the given collection type.
175 [139810444404288] INFO perfrun.launcher <> - plugin [sep] was disabled because it doesn't support the given collection type.
175 [139810444404288] INFO perfrun.launcher <> - plugin [vtsspp] was disabled because it doesn't support the given collection type.
175 [139810444404288] INFO perfrun.launcher <> - plugin [perf] was disabled because it doesn't support the given collection type.
175 [139810444404288] INFO perfrun.launcher <> - plugin [aoclprofile] was disabled because it doesn't support the given collection type.
175 [139810444404288] INFO perfrun.tpss <> - initialize tpss controller
175 [139810444404288] INFO perfrun.tpss <> - configure collection mode: value = cpu:counters:nostack
175 [139810444404288] INFO perfrun.tpss <> - configure collection mode: value = cpu:nostack
175 [139810444404288] INFO perfrun.tpss <> - default obj-size-min=1024
175 [139810444404288] INFO perfrun.tpss <> - default hash-table-size=0
175 [139810444404288] INFO perfrun.launcher <> - plugin [media] was disabled because it doesn't support the given collection type.
175 [139810444404288] INFO perfrun.launcher <> - plugin [] was disabled because it doesn't support the given collection type.
175 [139810444404288] INFO perfrun.launcher <> - plugin [] was disabled because it doesn't support the given collection type.
175 [139810444404288] INFO perfrun.launcher <> - plugin [parallelfs] was disabled because it doesn't support the given collection type.
175 [139810444404288] INFO perfrun.launcher <> - plugin [power] was disabled because it doesn't support the given collection type.
175 [139810444404288] INFO perfrun.launcher <> - plugin [hwloc] was disabled because it doesn't support the given collection type.
175 [139810444404288] INFO perfrun.launcher <> - plugin [ipmwatch] was disabled because it doesn't support the given collection type.
175 [139810444404288] INFO perfrun.launcher <> - plugin [os_counters] was disabled because it doesn't support the given collection type.
175 [139810444404288] INFO perfrun.launcher <> - plugin [l0_metrics] was disabled because it doesn't support the given collection type.
176 [139810596099968] INFO perfrun.launcher <> - set environment variable: LD_LIBRARY_PATH = /opt/intel/oneapi/vtune/2023.1.0/lib32/runtime:/opt/intel/oneapi/vtune/2023.1.0/lib64/runtime:/ws2/yfulwani/anaconda3/envs/doc_class_intel/lib/libfabric:/opt/intel/oneapi/vpl/2023.0.0/lib:/opt/intel/oneapi/tbb/2021.8.0/env/../lib/intel64/gcc4.8:/opt/intel/oneapi/mpi/2021.8.0//libfabric/lib:/opt/intel/oneapi/mpi/2021.8.0//lib/release:/opt/intel/oneapi/mpi/2021.8.0//lib:/opt/intel/oneapi/mkl/2023.0.0/lib/intel64:/opt/intel/oneapi/ipp/2021.7.0/lib/intel64:/opt/intel/oneapi/ippcp/2021.6.3/lib/intel64:/opt/intel/oneapi/ipp/2021.7.0/lib/intel64:/opt/intel/oneapi/dnnl/2023.0.0/cpu_dpcpp_gpu_dpcpp/lib:/opt/intel/oneapi/debugger/2023.0.0/gdb/intel64/lib:/opt/intel/oneapi/debugger/2023.0.0/libipt/intel64/lib:/opt/intel/oneapi/debugger/2023.0.0/dep/lib:/opt/intel/oneapi/dal/2023.0.0/lib/intel64:/opt/intel/oneapi/compiler/2023.0.0/linux/lib:/opt/intel/oneapi/compiler/2023.0.0/linux/lib/x64:/opt/intel/oneapi/compiler/2023.0.0/linux/lib/oclfpga/host/linux64/lib:/opt/intel/oneapi/compiler/2023.0.0/linux/compiler/lib/intel64_lin:/opt/intel/oneapi/ccl/2021.8.0/lib/cpu_gpu_dpcpp:
177 [139810596099968] INFO perfrun.launcher <> - set environment variable: INTEL_LIBITTNOTIFY32 = /opt/intel/oneapi/vtune/2023.1.0/lib32/runtime/libittnotify_collector.so
177 [139810596099968] INFO perfrun.launcher <> - set environment variable: INTEL_LIBITTNOTIFY64 = /opt/intel/oneapi/vtune/2023.1.0/lib64/runtime/libittnotify_collector.so
177 [139810596099968] INFO perfrun.launcher <> - set environment variable: INTEL_ITTNOTIFY_GROUPS = 
177 [139810596099968] INFO perfrun.launcher <> - set environment variable: INTEL_JIT_PROFILER32 = /opt/intel/oneapi/vtune/2023.1.0/lib32/runtime/libittnotify_collector.so
177 [139810596099968] INFO perfrun.launcher <> - set environment variable: INTEL_JIT_PROFILER64 = /opt/intel/oneapi/vtune/2023.1.0/lib64/runtime/libittnotify_collector.so
177 [139810596099968] INFO perfrun.launcher <> - set environment variable: OMP_TOOL_LIBRARIES = /opt/intel/oneapi/vtune/2023.1.0/lib32/runtime/libittnotify_collector.so:/opt/intel/oneapi/vtune/2023.1.0/lib64/runtime/libittnotify_collector.so
177 [139810596099968] INFO perfrun.launcher <> - set environment variable: ENABLE_JITPROFILING = 1
177 [139810596099968] INFO perfrun.launcher <> - set environment variable: CL_CONFIG_USE_VTUNE = True
177 [139810596099968] INFO perfrun.launcher <> - set environment variable: KMP_FORKJOIN_FRAMES = 0
177 [139810596099968] INFO perfrun.launcher <> - set environment variable: KMP_FORKJOIN_FRAMES_MODE = 0
177 [139810596099968] INFO perfrun.launcher <> - set environment variable: OMP_TOOL = disabled
177 [139810596099968] INFO perfrun.launcher <> - set environment variable: INTEL_MRTE_DATA_DIR = /ws2/yfulwani/Profiling_Guide/Vtune_Profiler/VTune_Profiler_Results/oneapi_optimized_results/performance_snapshot_results/data.0
177 [139810596099968] INFO perfrun.launcher <> - set environment variable: INTEL_MRTE_HOST_NAME = icx01-tce
177 [139810596099968] INFO perfrun.launcher <> - set environment variable: JAVA_TOOL_OPTIONS = -agentlib:amplxe_tpssmrte_javaprof_1.0 -Dsun.boot.library.path=/opt/intel/oneapi/vtune/2023.1.0/lib32/runtime:/opt/intel/oneapi/vtune/2023.1.0/lib64/runtime
177 [139810596099968] INFO perfrun.launcher <> - set environment variable: LD_LIBRARY_PATH = /opt/intel/oneapi/vtune/2023.1.0/lib32/runtime:/opt/intel/oneapi/vtune/2023.1.0/lib64/runtime:/ws2/yfulwani/anaconda3/envs/doc_class_intel/lib/libfabric:/opt/intel/oneapi/vpl/2023.0.0/lib:/opt/intel/oneapi/tbb/2021.8.0/env/../lib/intel64/gcc4.8:/opt/intel/oneapi/mpi/2021.8.0//libfabric/lib:/opt/intel/oneapi/mpi/2021.8.0//lib/release:/opt/intel/oneapi/mpi/2021.8.0//lib:/opt/intel/oneapi/mkl/2023.0.0/lib/intel64:/opt/intel/oneapi/ipp/2021.7.0/lib/intel64:/opt/intel/oneapi/ippcp/2021.6.3/lib/intel64:/opt/intel/oneapi/ipp/2021.7.0/lib/intel64:/opt/intel/oneapi/dnnl/2023.0.0/cpu_dpcpp_gpu_dpcpp/lib:/opt/intel/oneapi/debugger/2023.0.0/gdb/intel64/lib:/opt/intel/oneapi/debugger/2023.0.0/libipt/intel64/lib:/opt/intel/oneapi/debugger/2023.0.0/dep/lib:/opt/intel/oneapi/dal/2023.0.0/lib/intel64:/opt/intel/oneapi/compiler/2023.0.0/linux/lib:/opt/intel/oneapi/compiler/2023.0.0/linux/lib/x64:/opt/intel/oneapi/compiler/2023.0.0/linux/lib/oclfpga/host/linux64/lib:/opt/intel/oneapi/compiler/2023.0.0/linux/compiler/lib/intel64_lin:/opt/intel/oneapi/ccl/2021.8.0/lib/cpu_gpu_dpcpp:
178 [139810596099968] INFO perfrun.launcher <> - set environment variable: CORECLR_ENABLE_PROFILING = 1
178 [139810596099968] INFO perfrun.launcher <> - set environment variable: CORECLR_PROFILER = {AA5E4821-E3B1-479c-B7FF-5AD047D22CED}
178 [139810596099968] INFO perfrun.launcher <> - set environment variable: CORECLR_PROFILER_PATH = /opt/intel/oneapi/vtune/2023.1.0/lib64/libamplxe_samplingmrte_clrprof_1.0.so
178 [139810596099968] INFO perfrun.launcher <> - set environment variable: INTEL_MRTE_PROFILER_MODE = mixed
178 [139810596099968] INFO perfrun.launcher <> - RpcServer: run RPC server to handle requests
178 [139810596099968] INFO perfrun.launcher <> - Launcher: command line to start before modification = python run_benchmarks_vtune.py -i -l ../logs/intel_intel.log
179 [139810596099968] INFO perfrun.launcher <> - Launcher: command line to start after modification = /opt/intel/oneapi/vtune/2023.1.0/bin64/pin -error_file /ws2/yfulwani/Profiling_Guide/Vtune_Profiler/VTune_Profiler_Results/oneapi_optimized_results/performance_snapshot_results/data.0/pinerr.tpsslog -detach_reattach -follow_execv -tool_load_option deepbind -t64 /opt/intel/oneapi/vtune/2023.1.0/lib64/libtpsstool.so -t /opt/intel/oneapi/vtune/2023.1.0/lib32/libtpsstool.so -server_name tpss_ipc.322373 -prd_dir /opt/intel/oneapi/vtune/2023.1.0 -- python run_benchmarks_vtune.py -i -l ../logs/intel_intel.log
179 [139810596099968] INFO perfrun.launcher <> - ProcessCreator object was created
180 [139810596099968] INFO perfrun.launcher <> - Launcher: the process was started in suspend mode
187 [139810444404288] WARN perfrun.system <> - Could not do anything with /sys/kernel/debug/kvm: boost::filesystem::status: Permission denied: "/sys/kernel/debug/kvm", at file: vcs/perfrun1/plugins/system/src/trace_writer.cpp:787
187 [139810444404288] WARN perfrun.system <> - No access to /var/run/libvirt/qemu/"/var/run/libvirt/qemu/rhel8.xml". Please run ./prepare_debugfs script, at file: vcs/perfrun1/plugins/system/src/trace_writer.cpp:834
193 [139810444404288] INFO perfrun.sdk <> - runCmd: /opt/intel/oneapi/vtune/2023.1.0/bin64/sep -platform-info
194 [139810444404288] INFO perfrun.sdk <> - runCmd started PID 322379
213 [139810444404288] WARN perfrun.sdk <> - SEP driver is not available, at file: vcs/perfrun1/plugins/pluginsdk/src/device_mapper.cpp:745
213 [139810444404288] INFO perfrun.sdk <> - runCmd: /opt/intel/oneapi/vtune/2023.1.0/bin64/amplxe-perf stat --iostat=list
214 [139810444404288] INFO perfrun.sdk <> - runCmd started PID 322380
956 [139810444404288] INFO perfrun.sdk <> - UPI platform topology is not supported on this platform via perf
956 [139810444404288] INFO perfrun.sdk <> - Mapped device: Ethernet Controller X710 for 10GBASE-T Ethernet Network Adapter X710-T2L for OCP 3.0 0000:17:00.0
956 [139810444404288] INFO perfrun.sdk <> - Mapped device: Ethernet Controller X710 for 10GBASE-T Ethernet Network Adapter X710-TL 0000:17:00.1
957 [139810444404288] INFO perfrun.sdk <> - Mapped device: GV100GL [Tesla V100 PCIe 16GB] 0000:4b:00.0
958 [139810444404288] INFO perfrun.sdk <> - Mapped device: AST1150 PCI-to-PCI Bridge 0000:01:00.0
959 [139810444404288] INFO perfrun.sdk <> - Mapped device: ASPEED Graphics Family 0000:02:00.0
959 [139810444404288] INFO perfrun.sdk <> - Mapped device: Bridge: Intel Corporation Device 0x4fa0 0000:b1:00.0
960 [139810444404288] INFO perfrun.sdk <> - Mapped device: Bridge: Intel Corporation Device 0x4fa4 0000:b2:01.0
960 [139810444404288] INFO perfrun.sdk <> - Mapped device: Display controller: Intel Corporation Device 0x56c0 0000:b3:00.0
971 [139810444404288] INFO perfrun.sdk <> - runCmd: /opt/intel/oneapi/vtune/2023.1.0/bin64/sep -platform-info
972 [139810444404288] INFO perfrun.sdk <> - runCmd started PID 322381
993 [139810444404288] WARN perfrun.sdk <> - SEP driver is not available, at file: vcs/perfrun1/plugins/pluginsdk/src/device_mapper.cpp:745
993 [139810444404288] INFO perfrun.sdk <> - runCmd: /opt/intel/oneapi/vtune/2023.1.0/bin64/sep -platform-info
994 [139810444404288] INFO perfrun.sdk <> - runCmd started PID 322382
1014 [139810444404288] WARN perfrun.sdk <> - SEP driver is not available, at file: vcs/perfrun1/plugins/pluginsdk/src/device_mapper.cpp:745
1014 [139810444404288] INFO perfrun.sdk <> - runCmd: /opt/intel/oneapi/vtune/2023.1.0/bin64/amplxe-perf stat --iostat=list
1015 [139810444404288] INFO perfrun.sdk <> - runCmd started PID 322383
1751 [139810444404288] INFO perfrun.sdk <> - UPI platform topology is not supported on this platform via perf
1751 [139810444404288] WARN perfrun.sdk <> - Failed to find xl binary on any of the system paths: /bin, /sbin, /usr/bin, /usr/sbin., at file: vcs/perfrun1/sdk/src/utils.cpp:204
1752 [139810444404288] WARN perfrun.system <> - Could not start ContainerMapping collector, at file: vcs/perfrun1/plugins/system/src/controller.cpp:448
1884 [139810444404288] INFO perfrun.vdso <> - Helper runtool '/opt/intel/oneapi/vtune/2023.1.0/bin32/amplxe-runss -dump-vdso -r /ws2/yfulwani/Profiling_Guide/Vtune_Profiler/VTune_Profiler_Results/oneapi_optimized_results/performance_snapshot_results --tmp-dir /tmp/amplxe-tmp-yfulwani' returned 0
2073 [139810444404288] INFO perfrun.vdso <> - Helper runtool '/opt/intel/oneapi/vtune/2023.1.0/bin64/amplxe-runss -dump-vdso -r /ws2/yfulwani/Profiling_Guide/Vtune_Profiler/VTune_Profiler_Results/oneapi_optimized_results/performance_snapshot_results --tmp-dir /tmp/amplxe-tmp-yfulwani' returned 0
2073 [139810444404288] INFO perfrun.itt <> - start itt controller for pid #322378
2074 [139810444404288] INFO perfrun.tpss <> - start tpss controller for pid #322378
2124 [139810596099968] INFO perfrun.launcher <> - Launcher: all plugins were started
2125 [139810596099968] INFO perfrun.launcher <> - DirectoryMonitor object was created
2125 [139810596099968] INFO perfrun.launcher <> - DirectoryMonitor: a callback was added
2125 [139810596099968] INFO perfrun.launcher <> - DirectoryMonitor was started with pingTime = 1000
2125 [139810596099968] INFO perfrun.launcher <> - DeadlineTimer is going to be constructed
2125 [139810596099968] INFO perfrun.launcher <> - DeadlineTimer: a callback was added
2129 [139810596099968] INFO perfrun.launcher <> - Launcher: resume the profiled application and  wait its termination or stop command
28858226 [139810596099968] INFO perfrun.launcher <> - Launcher: the profiled application was terminated  with exit code = 1
28858232 [139810596099968] INFO perfrun.launcher <> - Messenger::say: Profiling of the target process finished but the following child processes are still being profiled:
PPID PID STATE NAME
1 322638 RESUME python3.7
1 322646 RESUME python3.7
1 322654 RESUME python3.7
1 322662 RESUME python3.7
1 322681 RESUME python3.7
1 322691 RESUME python3.7
1 322701 RESUME python3.7
1 322711 RESUME python3.7
1 322729 RESUME python3.7
1 322739 RESUME python3.7
1 322748 RESUME python3.7
1 322759 RESUME python3.7
1 322769 RESUME python3.7
1 322777 RESUME python3.7
1 322785 RESUME python3.7
1 322795 RESUME python3.7
1 322805 RESUME python3.7
1 322836 RESUME python3.7
1 322847 RESUME python3.7
1 322862 RESUME python3.7
1 322875 RESUME python3.7
1 322891 RESUME python3.7
1 322930 RESUME python3.7
1 322944 RESUME python3.7
1 322956 RESUME python3.7
1 322974 RESUME python3.7
1 322988 RESUME python3.7
1 323011 RESUME python3.7
1 323030 RESUME python3.7
1 323054 RESUME python3.7
1 323076 RESUME python3.7
1 323135 RESUME python3.7
1 323191 RESUME python3.7
1 323213 RESUME python3.7
1 323272 RESUME python3.7
1 323326 RESUME python3.7
1 323414 RESUME python3.7
1 323435 RESUME python3.7
1 323445 RESUME python3.7
1 323487 RESUME python3.7
1 323500 RESUME python3.7

To stop the collection, you may press CTRL-C. The processes listed above will be terminated.

28859957 [139810444404288] INFO perfrun.itt <> - detach itt controller
28859957 [139810444404288] INFO perfrun.itt <> - detach itt controller done
28859957 [139810444404288] INFO perfrun.tpss <> - stop tpss controller
28859975 [139810444404288] INFO perfrun.sdk <> - De-allocating TMU: /ws2/yfulwani/Profiling_Guide/Vtune_Profiler/VTune_Profiler_Results/oneapi_optimized_results/performance_snapshot_results/data.0/systemcollector-322373-icx01-tce.sc
28859976 [139810444404288] INFO perfrun.system <> - closed the system trace file: /ws2/yfulwani/Profiling_Guide/Vtune_Profiler/VTune_Profiler_Results/oneapi_optimized_results/performance_snapshot_results/data.0/systemcollector-322373-icx01-tce.sc
28859976 [139810596099968] INFO perfrun.launcher <> - Launcher: all plugins were stopped.
28859976 [139810596099968] INFO perfrun.launcher <> - DeadlineTimer is going to be destroyed
28859976 [139810596099968] INFO perfrun.launcher <> - DeadlineTimer was destroyed
28859976 [139810596099968] INFO perfrun.launcher <> - DirectoryMonitor object was destroyed
28859977 [139810596099968] WARN perfrun.launcher <> - Stop command is ignored because it is received when collection is already stopped, at file: vcs/perfrun1/launcher/src/command_handler.cpp:226
28860012 [139810596099968] INFO perfrun.launcher <> - Application exit code: 1
28860012 [139810596099968] INFO perfrun.launcher <> - Exit code: 4
