19 [4130395904] INFO perfrun.launcher <> - Launcher main begin
21 [4130395904] INFO perfrun.launcher <> - MessageCatalogInit finished
21 [4130395904] INFO perfrun.launcher <> - Launcher instance created
21 [4130395904] INFO perfrun.launcher <> - argc = 6; cmdline = /opt/intel/oneapi/vtune/2023.1.0/bin32/amplxe-runss -dump-vdso -r /ws2/yfulwani/Profiling_Guide/Vtune_Profiler/VTune_Profiler_Results/stock_results/hotspot_result --tmp-dir /tmp/amplxe-tmp-yfulwani 
42 [4130395904] INFO perfrun.launcher <> - create msngr2::ICliToolContext
42 [4130395904] INFO perfrun.launcher <> - create file finder object
76 [4129864384] INFO perfrun.launcher <> - plugin [remoteplug] was disabled because it doesn't support the given collection type.
77 [4129864384] INFO perfrun.launcher <> - plugin [] was disabled because it doesn't support the given collection type.
77 [4129864384] INFO perfrun.vdso <> - dumping [vdso] pseudomodule
78 [4129864384] WARN perfrun.vdso <> - could not archive [vdso], return code 5, at file: vcs/perfrun1/plugins/vdso/src/vdso_collector.cpp:264
78 [4129864384] INFO perfrun.launcher <> - plugin [] was disabled because it doesn't support the given collection type.
78 [4129864384] INFO perfrun.launcher <> - plugin [] was disabled because it doesn't support the given collection type.
78 [4129864384] INFO perfrun.launcher <> - plugin [] was disabled because it doesn't support the given collection type.
78 [4129864384] INFO perfrun.launcher <> - plugin [] was disabled because it doesn't support the given collection type.
78 [4129864384] INFO perfrun.launcher <> - plugin [] was disabled because it doesn't support the given collection type.
78 [4129864384] INFO perfrun.launcher <> - plugin [] was disabled because it doesn't support the given collection type.
78 [4129864384] INFO perfrun.launcher <> - plugin [] was disabled because it doesn't support the given collection type.
78 [4129864384] INFO perfrun.launcher <> - plugin [] was disabled because it doesn't support the given collection type.
78 [4129864384] INFO perfrun.launcher <> - plugin [] was disabled because it doesn't support the given collection type.
78 [4129864384] INFO perfrun.launcher <> - plugin [] was disabled because it doesn't support the given collection type.
78 [4129864384] INFO perfrun.launcher <> - plugin [] was disabled because it doesn't support the given collection type.
78 [4129864384] INFO perfrun.launcher <> - plugin [] was disabled because it doesn't support the given collection type.
78 [4129864384] INFO perfrun.launcher <> - plugin [] was disabled because it doesn't support the given collection type.
78 [4129864384] INFO perfrun.launcher <> - plugin [] was disabled because it doesn't support the given collection type.
78 [4129864384] INFO perfrun.launcher <> - plugin [] was disabled because it doesn't support the given collection type.
78 [4129864384] INFO perfrun.launcher <> - plugin [] was disabled because it doesn't support the given collection type.
78 [4129864384] INFO perfrun.launcher <> - plugin [] was disabled because it doesn't support the given collection type.
78 [4129864384] INFO perfrun.launcher <> - plugin [] was disabled because it doesn't support the given collection type.
78 [4129864384] INFO perfrun.launcher <> - plugin [] was disabled because it doesn't support the given collection type.
78 [4129864384] INFO perfrun.launcher <> - plugin [] was disabled because it doesn't support the given collection type.
78 [4129864384] INFO perfrun.launcher <> - plugin [] was disabled because it doesn't support the given collection type.
78 [4129864384] INFO perfrun.launcher <> - plugin [] was disabled because it doesn't support the given collection type.
78 [4129864384] INFO perfrun.launcher <> - plugin [] was disabled because it doesn't support the given collection type.
78 [4129864384] INFO perfrun.launcher <> - plugin [] was disabled because it doesn't support the given collection type.
79 [4130395904] INFO perfrun.launcher <> - Application exit code: 0
79 [4130395904] INFO perfrun.launcher <> - Exit code: 0
