21 [140047295141760] INFO perfrun.launcher <> - Launcher main begin
22 [140047295141760] INFO perfrun.launcher <> - MessageCatalogInit finished
22 [140047295141760] INFO perfrun.launcher <> - Launcher instance created
22 [140047295141760] INFO perfrun.launcher <> - argc = 7; cmdline = /opt/intel/oneapi/vtune/2023.1.0/bin64/amplxe-runss --ui-output-format xml --ui-output-fd 5 --option-file /ws2/yfulwani/Profiling_Guide/Vtune_Profiler/VTune_Profiler_Results/stock_results/hotspot_result/config/runss.options 
104 [140047295141760] INFO perfrun.launcher <> - create msngr2::ICliToolContext
104 [140047295141760] INFO perfrun.launcher <> - create file finder object
104 [140047295141760] INFO perfrun.launcher <> - create a result directory: pattern = /ws2/yfulwani/Profiling_Guide/Vtune_Profiler/VTune_Profiler_Results/stock_results/hotspot_result pid = 4294967295
124 [140047295141760] INFO perfrun.sdk <> - checked that the directory /ws2/yfulwani/Profiling_Guide/Vtune_Profiler/VTune_Profiler_Results/stock_results/hotspot_result is a local directory
124 [140047295141760] INFO perfrun.sdk <> - the directory /ws2/yfulwani/Profiling_Guide/Vtune_Profiler/VTune_Profiler_Results/stock_results/hotspot_result is a local directory with FS type ID 61267
124 [140047295141760] INFO perfrun.launcher <> - create data directory = /ws2/yfulwani/Profiling_Guide/Vtune_Profiler/VTune_Profiler_Results/stock_results/hotspot_result/data.0
124 [140047295141760] INFO perfrun.launcher <> - Creating the master collection flag
126 [140047295141760] INFO perfrun.launcher <> - Done creating the master collection flag
159 [140047143659072] INFO perfrun.launcher <> - plugin [remoteplug] was disabled because it doesn't support the given collection type.
160 [140047143659072] INFO perfrun.sdk <> - Allocating TMU :/ws2/yfulwani/Profiling_Guide/Vtune_Profiler/VTune_Profiler_Results/stock_results/hotspot_result/data.0/systemcollector-330579-icx01-tce.sc
160 [140047143659072] INFO perfrun.system <> - Tpss based collection
160 [140047143659072] INFO perfrun.launcher <> - plugin [ptracecollector] was disabled because it doesn't support the given collection type.
160 [140047143659072] INFO perfrun.launcher <> - plugin [gpu] was disabled because it doesn't support the given collection type.
160 [140047143659072] INFO perfrun.launcher <> - plugin [] was disabled because it doesn't support the given collection type.
160 [140047143659072] INFO perfrun.launcher <> - plugin [] was disabled because it doesn't support the given collection type.
160 [140047143659072] INFO perfrun.launcher <> - plugin [] was disabled because it doesn't support the given collection type.
160 [140047143659072] INFO perfrun.mrte <> - system-wide mode is 0
160 [140047143659072] INFO perfrun.mrte <> - Getting  mrte profiling environment ...
179 [140047143659072] INFO perfrun.mrte <> - INTEL_MRTE_DATA_DIR=/ws2/yfulwani/Profiling_Guide/Vtune_Profiler/VTune_Profiler_Results/stock_results/hotspot_result/data.0
179 [140047143659072] INFO perfrun.mrte <> - INTEL_MRTE_HOST_NAME=icx01-tce
179 [140047143659072] INFO perfrun.mrte <> - JAVA_TOOL_OPTIONS=-agentlib:amplxe_tpssmrte_javaprof_1.0 -Dsun.boot.library.path=/opt/intel/oneapi/vtune/2023.1.0/lib32/runtime:/opt/intel/oneapi/vtune/2023.1.0/lib64/runtime
179 [140047143659072] INFO perfrun.mrte <> - LD_LIBRARY_PATH=/opt/intel/oneapi/vtune/2023.1.0/lib32/runtime:/opt/intel/oneapi/vtune/2023.1.0/lib64/runtime:/opt/intel/oneapi/vpl/2023.0.0/lib:/opt/intel/oneapi/tbb/2021.8.0/env/../lib/intel64/gcc4.8:/opt/intel/oneapi/mpi/2021.8.0//libfabric/lib:/opt/intel/oneapi/mpi/2021.8.0//lib/release:/opt/intel/oneapi/mpi/2021.8.0//lib:/opt/intel/oneapi/mkl/2023.0.0/lib/intel64:/opt/intel/oneapi/ipp/2021.7.0/lib/intel64:/opt/intel/oneapi/ippcp/2021.6.3/lib/intel64:/opt/intel/oneapi/ipp/2021.7.0/lib/intel64:/opt/intel/oneapi/dnnl/2023.0.0/cpu_dpcpp_gpu_dpcpp/lib:/opt/intel/oneapi/debugger/2023.0.0/gdb/intel64/lib:/opt/intel/oneapi/debugger/2023.0.0/libipt/intel64/lib:/opt/intel/oneapi/debugger/2023.0.0/dep/lib:/opt/intel/oneapi/dal/2023.0.0/lib/intel64:/opt/intel/oneapi/compiler/2023.0.0/linux/lib:/opt/intel/oneapi/compiler/2023.0.0/linux/lib/x64:/opt/intel/oneapi/compiler/2023.0.0/linux/lib/oclfpga/host/linux64/lib:/opt/intel/oneapi/compiler/2023.0.0/linux/compiler/lib/intel64_lin:/opt/intel/oneapi/ccl/2021.8.0/lib/cpu_gpu_dpcpp:
179 [140047143659072] INFO perfrun.mrte <> - CORECLR_ENABLE_PROFILING=1
179 [140047143659072] INFO perfrun.mrte <> - CORECLR_PROFILER={AA5E4821-E3B1-479c-B7FF-5AD047D22CED}
179 [140047143659072] INFO perfrun.mrte <> - CORECLR_PROFILER_PATH=/opt/intel/oneapi/vtune/2023.1.0/lib64/libamplxe_samplingmrte_clrprof_1.0.so
179 [140047143659072] INFO perfrun.mrte <> - INTEL_MRTE_PROFILER_MODE=mixed
179 [140047143659072] INFO perfrun.mrte <> - Data directory: /ws2/yfulwani/Profiling_Guide/Vtune_Profiler/VTune_Profiler_Results/stock_results/hotspot_result/data.0
179 [140047143659072] INFO perfrun.mrte <> - Mrte plugin is initialized
179 [140047143659072] INFO perfrun.launcher <> - plugin [emon] was disabled because it doesn't support the given collection type.
179 [140047143659072] INFO perfrun.launcher <> - plugin [cuscol] was disabled because it doesn't support the given collection type.
179 [140047143659072] INFO perfrun.launcher <> - plugin [stdsrc] was disabled because it doesn't support the given collection type.
179 [140047143659072] INFO perfrun.launcher <> - plugin [sep] was disabled because it doesn't support the given collection type.
179 [140047143659072] INFO perfrun.launcher <> - plugin [vtsspp] was disabled because it doesn't support the given collection type.
179 [140047143659072] INFO perfrun.launcher <> - plugin [perf] was disabled because it doesn't support the given collection type.
179 [140047143659072] INFO perfrun.launcher <> - plugin [aoclprofile] was disabled because it doesn't support the given collection type.
179 [140047143659072] INFO perfrun.tpss <> - initialize tpss controller
179 [140047143659072] INFO perfrun.tpss <> - configure collection mode: value = cpu:counters:nostack
179 [140047143659072] INFO perfrun.tpss <> - configure collection mode: value = cpu:stack
179 [140047143659072] INFO perfrun.tpss <> - default obj-size-min=1024
179 [140047143659072] INFO perfrun.tpss <> - default hash-table-size=0
179 [140047143659072] INFO perfrun.launcher <> - plugin [media] was disabled because it doesn't support the given collection type.
179 [140047143659072] INFO perfrun.launcher <> - plugin [] was disabled because it doesn't support the given collection type.
179 [140047143659072] INFO perfrun.launcher <> - plugin [] was disabled because it doesn't support the given collection type.
179 [140047143659072] INFO perfrun.launcher <> - plugin [parallelfs] was disabled because it doesn't support the given collection type.
179 [140047143659072] INFO perfrun.launcher <> - plugin [power] was disabled because it doesn't support the given collection type.
179 [140047143659072] INFO perfrun.launcher <> - plugin [hwloc] was disabled because it doesn't support the given collection type.
179 [140047143659072] INFO perfrun.launcher <> - plugin [ipmwatch] was disabled because it doesn't support the given collection type.
179 [140047143659072] INFO perfrun.launcher <> - plugin [os_counters] was disabled because it doesn't support the given collection type.
179 [140047143659072] INFO perfrun.launcher <> - plugin [l0_metrics] was disabled because it doesn't support the given collection type.
180 [140047295141760] INFO perfrun.launcher <> - set environment variable: LD_LIBRARY_PATH = /opt/intel/oneapi/vtune/2023.1.0/lib32/runtime:/opt/intel/oneapi/vtune/2023.1.0/lib64/runtime:/opt/intel/oneapi/vpl/2023.0.0/lib:/opt/intel/oneapi/tbb/2021.8.0/env/../lib/intel64/gcc4.8:/opt/intel/oneapi/mpi/2021.8.0//libfabric/lib:/opt/intel/oneapi/mpi/2021.8.0//lib/release:/opt/intel/oneapi/mpi/2021.8.0//lib:/opt/intel/oneapi/mkl/2023.0.0/lib/intel64:/opt/intel/oneapi/ipp/2021.7.0/lib/intel64:/opt/intel/oneapi/ippcp/2021.6.3/lib/intel64:/opt/intel/oneapi/ipp/2021.7.0/lib/intel64:/opt/intel/oneapi/dnnl/2023.0.0/cpu_dpcpp_gpu_dpcpp/lib:/opt/intel/oneapi/debugger/2023.0.0/gdb/intel64/lib:/opt/intel/oneapi/debugger/2023.0.0/libipt/intel64/lib:/opt/intel/oneapi/debugger/2023.0.0/dep/lib:/opt/intel/oneapi/dal/2023.0.0/lib/intel64:/opt/intel/oneapi/compiler/2023.0.0/linux/lib:/opt/intel/oneapi/compiler/2023.0.0/linux/lib/x64:/opt/intel/oneapi/compiler/2023.0.0/linux/lib/oclfpga/host/linux64/lib:/opt/intel/oneapi/compiler/2023.0.0/linux/compiler/lib/intel64_lin:/opt/intel/oneapi/ccl/2021.8.0/lib/cpu_gpu_dpcpp:
180 [140047295141760] INFO perfrun.launcher <> - set environment variable: INTEL_LIBITTNOTIFY32 = /opt/intel/oneapi/vtune/2023.1.0/lib32/runtime/libittnotify_collector.so
180 [140047295141760] INFO perfrun.launcher <> - set environment variable: INTEL_LIBITTNOTIFY64 = /opt/intel/oneapi/vtune/2023.1.0/lib64/runtime/libittnotify_collector.so
180 [140047295141760] INFO perfrun.launcher <> - set environment variable: INTEL_ITTNOTIFY_GROUPS = 
180 [140047295141760] INFO perfrun.launcher <> - set environment variable: INTEL_JIT_PROFILER32 = /opt/intel/oneapi/vtune/2023.1.0/lib32/runtime/libittnotify_collector.so
181 [140047295141760] INFO perfrun.launcher <> - set environment variable: INTEL_JIT_PROFILER64 = /opt/intel/oneapi/vtune/2023.1.0/lib64/runtime/libittnotify_collector.so
181 [140047295141760] INFO perfrun.launcher <> - set environment variable: OMP_TOOL_LIBRARIES = /opt/intel/oneapi/vtune/2023.1.0/lib32/runtime/libittnotify_collector.so:/opt/intel/oneapi/vtune/2023.1.0/lib64/runtime/libittnotify_collector.so
181 [140047295141760] INFO perfrun.launcher <> - set environment variable: ENABLE_JITPROFILING = 1
181 [140047295141760] INFO perfrun.launcher <> - set environment variable: CL_CONFIG_USE_VTUNE = True
181 [140047295141760] INFO perfrun.launcher <> - set environment variable: KMP_FORKJOIN_FRAMES = 0
181 [140047295141760] INFO perfrun.launcher <> - set environment variable: KMP_FORKJOIN_FRAMES_MODE = 0
181 [140047295141760] INFO perfrun.launcher <> - set environment variable: OMP_TOOL = disabled
181 [140047295141760] INFO perfrun.launcher <> - set environment variable: INTEL_MRTE_DATA_DIR = /ws2/yfulwani/Profiling_Guide/Vtune_Profiler/VTune_Profiler_Results/stock_results/hotspot_result/data.0
181 [140047295141760] INFO perfrun.launcher <> - set environment variable: INTEL_MRTE_HOST_NAME = icx01-tce
181 [140047295141760] INFO perfrun.launcher <> - set environment variable: JAVA_TOOL_OPTIONS = -agentlib:amplxe_tpssmrte_javaprof_1.0 -Dsun.boot.library.path=/opt/intel/oneapi/vtune/2023.1.0/lib32/runtime:/opt/intel/oneapi/vtune/2023.1.0/lib64/runtime
182 [140047295141760] INFO perfrun.launcher <> - set environment variable: LD_LIBRARY_PATH = /opt/intel/oneapi/vtune/2023.1.0/lib32/runtime:/opt/intel/oneapi/vtune/2023.1.0/lib64/runtime:/opt/intel/oneapi/vpl/2023.0.0/lib:/opt/intel/oneapi/tbb/2021.8.0/env/../lib/intel64/gcc4.8:/opt/intel/oneapi/mpi/2021.8.0//libfabric/lib:/opt/intel/oneapi/mpi/2021.8.0//lib/release:/opt/intel/oneapi/mpi/2021.8.0//lib:/opt/intel/oneapi/mkl/2023.0.0/lib/intel64:/opt/intel/oneapi/ipp/2021.7.0/lib/intel64:/opt/intel/oneapi/ippcp/2021.6.3/lib/intel64:/opt/intel/oneapi/ipp/2021.7.0/lib/intel64:/opt/intel/oneapi/dnnl/2023.0.0/cpu_dpcpp_gpu_dpcpp/lib:/opt/intel/oneapi/debugger/2023.0.0/gdb/intel64/lib:/opt/intel/oneapi/debugger/2023.0.0/libipt/intel64/lib:/opt/intel/oneapi/debugger/2023.0.0/dep/lib:/opt/intel/oneapi/dal/2023.0.0/lib/intel64:/opt/intel/oneapi/compiler/2023.0.0/linux/lib:/opt/intel/oneapi/compiler/2023.0.0/linux/lib/x64:/opt/intel/oneapi/compiler/2023.0.0/linux/lib/oclfpga/host/linux64/lib:/opt/intel/oneapi/compiler/2023.0.0/linux/compiler/lib/intel64_lin:/opt/intel/oneapi/ccl/2021.8.0/lib/cpu_gpu_dpcpp:
182 [140047295141760] INFO perfrun.launcher <> - set environment variable: CORECLR_ENABLE_PROFILING = 1
182 [140047295141760] INFO perfrun.launcher <> - set environment variable: CORECLR_PROFILER = {AA5E4821-E3B1-479c-B7FF-5AD047D22CED}
182 [140047295141760] INFO perfrun.launcher <> - set environment variable: CORECLR_PROFILER_PATH = /opt/intel/oneapi/vtune/2023.1.0/lib64/libamplxe_samplingmrte_clrprof_1.0.so
182 [140047295141760] INFO perfrun.launcher <> - set environment variable: INTEL_MRTE_PROFILER_MODE = mixed
182 [140047295141760] INFO perfrun.launcher <> - RpcServer: run RPC server to handle requests
183 [140047295141760] INFO perfrun.launcher <> - Launcher: command line to start before modification = python run_benchmarks_vtune.py -l ../logs/stock_stock.log
183 [140047295141760] INFO perfrun.launcher <> - Launcher: command line to start after modification = /opt/intel/oneapi/vtune/2023.1.0/bin64/pin -error_file /ws2/yfulwani/Profiling_Guide/Vtune_Profiler/VTune_Profiler_Results/stock_results/hotspot_result/data.0/pinerr.tpsslog -detach_reattach -follow_execv -tool_load_option deepbind -t64 /opt/intel/oneapi/vtune/2023.1.0/lib64/libtpsstool.so -t /opt/intel/oneapi/vtune/2023.1.0/lib32/libtpsstool.so -server_name tpss_ipc.330579 -prd_dir /opt/intel/oneapi/vtune/2023.1.0 -- python run_benchmarks_vtune.py -l ../logs/stock_stock.log
183 [140047295141760] INFO perfrun.launcher <> - ProcessCreator object was created
185 [140047295141760] INFO perfrun.launcher <> - Launcher: the process was started in suspend mode
212 [140047143659072] WARN perfrun.system <> - Could not do anything with /sys/kernel/debug/kvm: boost::filesystem::status: Permission denied: "/sys/kernel/debug/kvm", at file: vcs/perfrun1/plugins/system/src/trace_writer.cpp:787
212 [140047143659072] WARN perfrun.system <> - No access to /var/run/libvirt/qemu/"/var/run/libvirt/qemu/rhel8.xml". Please run ./prepare_debugfs script, at file: vcs/perfrun1/plugins/system/src/trace_writer.cpp:834
243 [140047143659072] INFO perfrun.sdk <> - runCmd: /opt/intel/oneapi/vtune/2023.1.0/bin64/sep -platform-info
245 [140047143659072] INFO perfrun.sdk <> - runCmd started PID 330585
264 [140047143659072] WARN perfrun.sdk <> - SEP driver is not available, at file: vcs/perfrun1/plugins/pluginsdk/src/device_mapper.cpp:745
264 [140047143659072] INFO perfrun.sdk <> - runCmd: /opt/intel/oneapi/vtune/2023.1.0/bin64/amplxe-perf stat --iostat=list
265 [140047143659072] INFO perfrun.sdk <> - runCmd started PID 330586
1005 [140047143659072] INFO perfrun.sdk <> - UPI platform topology is not supported on this platform via perf
1005 [140047143659072] INFO perfrun.sdk <> - Mapped device: Ethernet Controller X710 for 10GBASE-T Ethernet Network Adapter X710-T2L for OCP 3.0 0000:17:00.0
1005 [140047143659072] INFO perfrun.sdk <> - Mapped device: Ethernet Controller X710 for 10GBASE-T Ethernet Network Adapter X710-TL 0000:17:00.1
1006 [140047143659072] INFO perfrun.sdk <> - Mapped device: GV100GL [Tesla V100 PCIe 16GB] 0000:4b:00.0
1008 [140047143659072] INFO perfrun.sdk <> - Mapped device: AST1150 PCI-to-PCI Bridge 0000:01:00.0
1008 [140047143659072] INFO perfrun.sdk <> - Mapped device: ASPEED Graphics Family 0000:02:00.0
1009 [140047143659072] INFO perfrun.sdk <> - Mapped device: Bridge: Intel Corporation Device 0x4fa0 0000:b1:00.0
1009 [140047143659072] INFO perfrun.sdk <> - Mapped device: Bridge: Intel Corporation Device 0x4fa4 0000:b2:01.0
1009 [140047143659072] INFO perfrun.sdk <> - Mapped device: Display controller: Intel Corporation Device 0x56c0 0000:b3:00.0
1021 [140047143659072] INFO perfrun.sdk <> - runCmd: /opt/intel/oneapi/vtune/2023.1.0/bin64/sep -platform-info
1022 [140047143659072] INFO perfrun.sdk <> - runCmd started PID 330587
1042 [140047143659072] WARN perfrun.sdk <> - SEP driver is not available, at file: vcs/perfrun1/plugins/pluginsdk/src/device_mapper.cpp:745
1043 [140047143659072] INFO perfrun.sdk <> - runCmd: /opt/intel/oneapi/vtune/2023.1.0/bin64/sep -platform-info
1044 [140047143659072] INFO perfrun.sdk <> - runCmd started PID 330588
1057 [140047143659072] WARN perfrun.sdk <> - SEP driver is not available, at file: vcs/perfrun1/plugins/pluginsdk/src/device_mapper.cpp:745
1057 [140047143659072] INFO perfrun.sdk <> - runCmd: /opt/intel/oneapi/vtune/2023.1.0/bin64/amplxe-perf stat --iostat=list
1058 [140047143659072] INFO perfrun.sdk <> - runCmd started PID 330589
1789 [140047143659072] INFO perfrun.sdk <> - UPI platform topology is not supported on this platform via perf
1789 [140047143659072] WARN perfrun.sdk <> - Failed to find xl binary on any of the system paths: /bin, /sbin, /usr/bin, /usr/sbin., at file: vcs/perfrun1/sdk/src/utils.cpp:204
1789 [140047143659072] WARN perfrun.system <> - Could not start ContainerMapping collector, at file: vcs/perfrun1/plugins/system/src/controller.cpp:448
1905 [140047143659072] INFO perfrun.vdso <> - Helper runtool '/opt/intel/oneapi/vtune/2023.1.0/bin32/amplxe-runss -dump-vdso -r /ws2/yfulwani/Profiling_Guide/Vtune_Profiler/VTune_Profiler_Results/stock_results/hotspot_result --tmp-dir /tmp/amplxe-tmp-yfulwani' returned 0
2075 [140047143659072] INFO perfrun.vdso <> - Helper runtool '/opt/intel/oneapi/vtune/2023.1.0/bin64/amplxe-runss -dump-vdso -r /ws2/yfulwani/Profiling_Guide/Vtune_Profiler/VTune_Profiler_Results/stock_results/hotspot_result --tmp-dir /tmp/amplxe-tmp-yfulwani' returned 0
2075 [140047143659072] INFO perfrun.itt <> - start itt controller for pid #330584
2075 [140047143659072] INFO perfrun.tpss <> - start tpss controller for pid #330584
2126 [140047295141760] INFO perfrun.launcher <> - Launcher: all plugins were started
2126 [140047295141760] INFO perfrun.launcher <> - DirectoryMonitor object was created
2126 [140047295141760] INFO perfrun.launcher <> - DirectoryMonitor: a callback was added
2126 [140047295141760] INFO perfrun.launcher <> - DirectoryMonitor was started with pingTime = 1000
2126 [140047295141760] INFO perfrun.launcher <> - DeadlineTimer is going to be constructed
2127 [140047295141760] INFO perfrun.launcher <> - DeadlineTimer: a callback was added
2130 [140047295141760] INFO perfrun.launcher <> - Launcher: resume the profiled application and  wait its termination or stop command
