21 [139812848588672] INFO perfrun.launcher <> - Launcher main begin
22 [139812848588672] INFO perfrun.launcher <> - MessageCatalogInit finished
22 [139812848588672] INFO perfrun.launcher <> - Launcher instance created
22 [139812848588672] INFO perfrun.launcher <> - argc = 7; cmdline = /opt/intel/oneapi/vtune/2023.1.0/bin64/amplxe-runss --ui-output-format xml --ui-output-fd 5 --option-file /ws2/yfulwani/Profiling_Guide/Vtune_Profiler/VTune_Profiler_Results/stock_results/performance_snapshot_results/config/runss.options 
102 [139812848588672] INFO perfrun.launcher <> - create msngr2::ICliToolContext
102 [139812848588672] INFO perfrun.launcher <> - create file finder object
102 [139812848588672] INFO perfrun.launcher <> - create a result directory: pattern = /ws2/yfulwani/Profiling_Guide/Vtune_Profiler/VTune_Profiler_Results/stock_results/performance_snapshot_results pid = 4294967295
140 [139812848588672] INFO perfrun.sdk <> - checked that the directory /ws2/yfulwani/Profiling_Guide/Vtune_Profiler/VTune_Profiler_Results/stock_results/performance_snapshot_results is a local directory
141 [139812848588672] INFO perfrun.sdk <> - the directory /ws2/yfulwani/Profiling_Guide/Vtune_Profiler/VTune_Profiler_Results/stock_results/performance_snapshot_results is a local directory with FS type ID 61267
141 [139812848588672] INFO perfrun.launcher <> - create data directory = /ws2/yfulwani/Profiling_Guide/Vtune_Profiler/VTune_Profiler_Results/stock_results/performance_snapshot_results/data.0
141 [139812848588672] INFO perfrun.launcher <> - Creating the master collection flag
142 [139812848588672] INFO perfrun.launcher <> - Done creating the master collection flag
173 [139812696745536] INFO perfrun.launcher <> - plugin [remoteplug] was disabled because it doesn't support the given collection type.
174 [139812696745536] INFO perfrun.sdk <> - Allocating TMU :/ws2/yfulwani/Profiling_Guide/Vtune_Profiler/VTune_Profiler_Results/stock_results/performance_snapshot_results/data.0/systemcollector-235036-icx01-tce.sc
174 [139812696745536] INFO perfrun.system <> - Tpss based collection
174 [139812696745536] INFO perfrun.launcher <> - plugin [ptracecollector] was disabled because it doesn't support the given collection type.
175 [139812696745536] INFO perfrun.launcher <> - plugin [gpu] was disabled because it doesn't support the given collection type.
175 [139812696745536] INFO perfrun.launcher <> - plugin [] was disabled because it doesn't support the given collection type.
175 [139812696745536] INFO perfrun.launcher <> - plugin [] was disabled because it doesn't support the given collection type.
175 [139812696745536] INFO perfrun.launcher <> - plugin [] was disabled because it doesn't support the given collection type.
175 [139812696745536] INFO perfrun.mrte <> - system-wide mode is 0
175 [139812696745536] INFO perfrun.mrte <> - Getting  mrte profiling environment ...
193 [139812696745536] INFO perfrun.mrte <> - INTEL_MRTE_DATA_DIR=/ws2/yfulwani/Profiling_Guide/Vtune_Profiler/VTune_Profiler_Results/stock_results/performance_snapshot_results/data.0
193 [139812696745536] INFO perfrun.mrte <> - INTEL_MRTE_HOST_NAME=icx01-tce
193 [139812696745536] INFO perfrun.mrte <> - JAVA_TOOL_OPTIONS=-agentlib:amplxe_tpssmrte_javaprof_1.0 -Dsun.boot.library.path=/opt/intel/oneapi/vtune/2023.1.0/lib32/runtime:/opt/intel/oneapi/vtune/2023.1.0/lib64/runtime
193 [139812696745536] INFO perfrun.mrte <> - LD_LIBRARY_PATH=/opt/intel/oneapi/vtune/2023.1.0/lib32/runtime:/opt/intel/oneapi/vtune/2023.1.0/lib64/runtime:/opt/intel/oneapi/vpl/2023.0.0/lib:/opt/intel/oneapi/tbb/2021.8.0/env/../lib/intel64/gcc4.8:/opt/intel/oneapi/mpi/2021.8.0//libfabric/lib:/opt/intel/oneapi/mpi/2021.8.0//lib/release:/opt/intel/oneapi/mpi/2021.8.0//lib:/opt/intel/oneapi/mkl/2023.0.0/lib/intel64:/opt/intel/oneapi/ipp/2021.7.0/lib/intel64:/opt/intel/oneapi/ippcp/2021.6.3/lib/intel64:/opt/intel/oneapi/ipp/2021.7.0/lib/intel64:/opt/intel/oneapi/dnnl/2023.0.0/cpu_dpcpp_gpu_dpcpp/lib:/opt/intel/oneapi/debugger/2023.0.0/gdb/intel64/lib:/opt/intel/oneapi/debugger/2023.0.0/libipt/intel64/lib:/opt/intel/oneapi/debugger/2023.0.0/dep/lib:/opt/intel/oneapi/dal/2023.0.0/lib/intel64:/opt/intel/oneapi/compiler/2023.0.0/linux/lib:/opt/intel/oneapi/compiler/2023.0.0/linux/lib/x64:/opt/intel/oneapi/compiler/2023.0.0/linux/lib/oclfpga/host/linux64/lib:/opt/intel/oneapi/compiler/2023.0.0/linux/compiler/lib/intel64_lin:/opt/intel/oneapi/ccl/2021.8.0/lib/cpu_gpu_dpcpp:
193 [139812696745536] INFO perfrun.mrte <> - CORECLR_ENABLE_PROFILING=1
193 [139812696745536] INFO perfrun.mrte <> - CORECLR_PROFILER={AA5E4821-E3B1-479c-B7FF-5AD047D22CED}
193 [139812696745536] INFO perfrun.mrte <> - CORECLR_PROFILER_PATH=/opt/intel/oneapi/vtune/2023.1.0/lib64/libamplxe_samplingmrte_clrprof_1.0.so
193 [139812696745536] INFO perfrun.mrte <> - INTEL_MRTE_PROFILER_MODE=mixed
193 [139812696745536] INFO perfrun.mrte <> - Data directory: /ws2/yfulwani/Profiling_Guide/Vtune_Profiler/VTune_Profiler_Results/stock_results/performance_snapshot_results/data.0
193 [139812696745536] INFO perfrun.mrte <> - Mrte plugin is initialized
193 [139812696745536] INFO perfrun.launcher <> - plugin [emon] was disabled because it doesn't support the given collection type.
193 [139812696745536] INFO perfrun.launcher <> - plugin [cuscol] was disabled because it doesn't support the given collection type.
193 [139812696745536] INFO perfrun.launcher <> - plugin [stdsrc] was disabled because it doesn't support the given collection type.
193 [139812696745536] INFO perfrun.launcher <> - plugin [sep] was disabled because it doesn't support the given collection type.
193 [139812696745536] INFO perfrun.launcher <> - plugin [vtsspp] was disabled because it doesn't support the given collection type.
193 [139812696745536] INFO perfrun.launcher <> - plugin [perf] was disabled because it doesn't support the given collection type.
193 [139812696745536] INFO perfrun.launcher <> - plugin [aoclprofile] was disabled because it doesn't support the given collection type.
193 [139812696745536] INFO perfrun.tpss <> - initialize tpss controller
193 [139812696745536] INFO perfrun.tpss <> - configure collection mode: value = cpu:counters:nostack
193 [139812696745536] INFO perfrun.tpss <> - configure collection mode: value = cpu:nostack
193 [139812696745536] INFO perfrun.tpss <> - default obj-size-min=1024
193 [139812696745536] INFO perfrun.tpss <> - default hash-table-size=0
193 [139812696745536] INFO perfrun.launcher <> - plugin [media] was disabled because it doesn't support the given collection type.
193 [139812696745536] INFO perfrun.launcher <> - plugin [] was disabled because it doesn't support the given collection type.
193 [139812696745536] INFO perfrun.launcher <> - plugin [] was disabled because it doesn't support the given collection type.
193 [139812696745536] INFO perfrun.launcher <> - plugin [parallelfs] was disabled because it doesn't support the given collection type.
193 [139812696745536] INFO perfrun.launcher <> - plugin [power] was disabled because it doesn't support the given collection type.
193 [139812696745536] INFO perfrun.launcher <> - plugin [hwloc] was disabled because it doesn't support the given collection type.
193 [139812696745536] INFO perfrun.launcher <> - plugin [ipmwatch] was disabled because it doesn't support the given collection type.
193 [139812696745536] INFO perfrun.launcher <> - plugin [os_counters] was disabled because it doesn't support the given collection type.
193 [139812696745536] INFO perfrun.launcher <> - plugin [l0_metrics] was disabled because it doesn't support the given collection type.
194 [139812848588672] INFO perfrun.launcher <> - set environment variable: LD_LIBRARY_PATH = /opt/intel/oneapi/vtune/2023.1.0/lib32/runtime:/opt/intel/oneapi/vtune/2023.1.0/lib64/runtime:/opt/intel/oneapi/vpl/2023.0.0/lib:/opt/intel/oneapi/tbb/2021.8.0/env/../lib/intel64/gcc4.8:/opt/intel/oneapi/mpi/2021.8.0//libfabric/lib:/opt/intel/oneapi/mpi/2021.8.0//lib/release:/opt/intel/oneapi/mpi/2021.8.0//lib:/opt/intel/oneapi/mkl/2023.0.0/lib/intel64:/opt/intel/oneapi/ipp/2021.7.0/lib/intel64:/opt/intel/oneapi/ippcp/2021.6.3/lib/intel64:/opt/intel/oneapi/ipp/2021.7.0/lib/intel64:/opt/intel/oneapi/dnnl/2023.0.0/cpu_dpcpp_gpu_dpcpp/lib:/opt/intel/oneapi/debugger/2023.0.0/gdb/intel64/lib:/opt/intel/oneapi/debugger/2023.0.0/libipt/intel64/lib:/opt/intel/oneapi/debugger/2023.0.0/dep/lib:/opt/intel/oneapi/dal/2023.0.0/lib/intel64:/opt/intel/oneapi/compiler/2023.0.0/linux/lib:/opt/intel/oneapi/compiler/2023.0.0/linux/lib/x64:/opt/intel/oneapi/compiler/2023.0.0/linux/lib/oclfpga/host/linux64/lib:/opt/intel/oneapi/compiler/2023.0.0/linux/compiler/lib/intel64_lin:/opt/intel/oneapi/ccl/2021.8.0/lib/cpu_gpu_dpcpp:
194 [139812848588672] INFO perfrun.launcher <> - set environment variable: INTEL_LIBITTNOTIFY32 = /opt/intel/oneapi/vtune/2023.1.0/lib32/runtime/libittnotify_collector.so
194 [139812848588672] INFO perfrun.launcher <> - set environment variable: INTEL_LIBITTNOTIFY64 = /opt/intel/oneapi/vtune/2023.1.0/lib64/runtime/libittnotify_collector.so
195 [139812848588672] INFO perfrun.launcher <> - set environment variable: INTEL_ITTNOTIFY_GROUPS = 
195 [139812848588672] INFO perfrun.launcher <> - set environment variable: INTEL_JIT_PROFILER32 = /opt/intel/oneapi/vtune/2023.1.0/lib32/runtime/libittnotify_collector.so
195 [139812848588672] INFO perfrun.launcher <> - set environment variable: INTEL_JIT_PROFILER64 = /opt/intel/oneapi/vtune/2023.1.0/lib64/runtime/libittnotify_collector.so
195 [139812848588672] INFO perfrun.launcher <> - set environment variable: OMP_TOOL_LIBRARIES = /opt/intel/oneapi/vtune/2023.1.0/lib32/runtime/libittnotify_collector.so:/opt/intel/oneapi/vtune/2023.1.0/lib64/runtime/libittnotify_collector.so
195 [139812848588672] INFO perfrun.launcher <> - set environment variable: ENABLE_JITPROFILING = 1
195 [139812848588672] INFO perfrun.launcher <> - set environment variable: CL_CONFIG_USE_VTUNE = True
195 [139812848588672] INFO perfrun.launcher <> - set environment variable: KMP_FORKJOIN_FRAMES = 0
195 [139812848588672] INFO perfrun.launcher <> - set environment variable: KMP_FORKJOIN_FRAMES_MODE = 0
195 [139812848588672] INFO perfrun.launcher <> - set environment variable: OMP_TOOL = disabled
195 [139812848588672] INFO perfrun.launcher <> - set environment variable: INTEL_MRTE_DATA_DIR = /ws2/yfulwani/Profiling_Guide/Vtune_Profiler/VTune_Profiler_Results/stock_results/performance_snapshot_results/data.0
195 [139812848588672] INFO perfrun.launcher <> - set environment variable: INTEL_MRTE_HOST_NAME = icx01-tce
195 [139812848588672] INFO perfrun.launcher <> - set environment variable: JAVA_TOOL_OPTIONS = -agentlib:amplxe_tpssmrte_javaprof_1.0 -Dsun.boot.library.path=/opt/intel/oneapi/vtune/2023.1.0/lib32/runtime:/opt/intel/oneapi/vtune/2023.1.0/lib64/runtime
195 [139812848588672] INFO perfrun.launcher <> - set environment variable: LD_LIBRARY_PATH = /opt/intel/oneapi/vtune/2023.1.0/lib32/runtime:/opt/intel/oneapi/vtune/2023.1.0/lib64/runtime:/opt/intel/oneapi/vpl/2023.0.0/lib:/opt/intel/oneapi/tbb/2021.8.0/env/../lib/intel64/gcc4.8:/opt/intel/oneapi/mpi/2021.8.0//libfabric/lib:/opt/intel/oneapi/mpi/2021.8.0//lib/release:/opt/intel/oneapi/mpi/2021.8.0//lib:/opt/intel/oneapi/mkl/2023.0.0/lib/intel64:/opt/intel/oneapi/ipp/2021.7.0/lib/intel64:/opt/intel/oneapi/ippcp/2021.6.3/lib/intel64:/opt/intel/oneapi/ipp/2021.7.0/lib/intel64:/opt/intel/oneapi/dnnl/2023.0.0/cpu_dpcpp_gpu_dpcpp/lib:/opt/intel/oneapi/debugger/2023.0.0/gdb/intel64/lib:/opt/intel/oneapi/debugger/2023.0.0/libipt/intel64/lib:/opt/intel/oneapi/debugger/2023.0.0/dep/lib:/opt/intel/oneapi/dal/2023.0.0/lib/intel64:/opt/intel/oneapi/compiler/2023.0.0/linux/lib:/opt/intel/oneapi/compiler/2023.0.0/linux/lib/x64:/opt/intel/oneapi/compiler/2023.0.0/linux/lib/oclfpga/host/linux64/lib:/opt/intel/oneapi/compiler/2023.0.0/linux/compiler/lib/intel64_lin:/opt/intel/oneapi/ccl/2021.8.0/lib/cpu_gpu_dpcpp:
195 [139812848588672] INFO perfrun.launcher <> - set environment variable: CORECLR_ENABLE_PROFILING = 1
195 [139812848588672] INFO perfrun.launcher <> - set environment variable: CORECLR_PROFILER = {AA5E4821-E3B1-479c-B7FF-5AD047D22CED}
195 [139812848588672] INFO perfrun.launcher <> - set environment variable: CORECLR_PROFILER_PATH = /opt/intel/oneapi/vtune/2023.1.0/lib64/libamplxe_samplingmrte_clrprof_1.0.so
195 [139812848588672] INFO perfrun.launcher <> - set environment variable: INTEL_MRTE_PROFILER_MODE = mixed
196 [139812848588672] INFO perfrun.launcher <> - RpcServer: run RPC server to handle requests
196 [139812848588672] INFO perfrun.launcher <> - Launcher: command line to start before modification = python run_benchmarks_vtune.py -l ../logs/stock_stock.log
196 [139812848588672] INFO perfrun.launcher <> - Launcher: command line to start after modification = /opt/intel/oneapi/vtune/2023.1.0/bin64/pin -error_file /ws2/yfulwani/Profiling_Guide/Vtune_Profiler/VTune_Profiler_Results/stock_results/performance_snapshot_results/data.0/pinerr.tpsslog -detach_reattach -follow_execv -tool_load_option deepbind -t64 /opt/intel/oneapi/vtune/2023.1.0/lib64/libtpsstool.so -t /opt/intel/oneapi/vtune/2023.1.0/lib32/libtpsstool.so -server_name tpss_ipc.235036 -prd_dir /opt/intel/oneapi/vtune/2023.1.0 -- python run_benchmarks_vtune.py -l ../logs/stock_stock.log
196 [139812848588672] INFO perfrun.launcher <> - ProcessCreator object was created
198 [139812848588672] INFO perfrun.launcher <> - Launcher: the process was started in suspend mode
205 [139812696745536] WARN perfrun.system <> - Could not do anything with /sys/kernel/debug/kvm: boost::filesystem::status: Permission denied: "/sys/kernel/debug/kvm", at file: vcs/perfrun1/plugins/system/src/trace_writer.cpp:787
205 [139812696745536] WARN perfrun.system <> - No access to /var/run/libvirt/qemu/"/var/run/libvirt/qemu/rhel8.xml". Please run ./prepare_debugfs script, at file: vcs/perfrun1/plugins/system/src/trace_writer.cpp:834
232 [139812696745536] INFO perfrun.sdk <> - runCmd: /opt/intel/oneapi/vtune/2023.1.0/bin64/sep -platform-info
233 [139812696745536] INFO perfrun.sdk <> - runCmd started PID 235042
252 [139812696745536] WARN perfrun.sdk <> - SEP driver is not available, at file: vcs/perfrun1/plugins/pluginsdk/src/device_mapper.cpp:745
252 [139812696745536] INFO perfrun.sdk <> - runCmd: /opt/intel/oneapi/vtune/2023.1.0/bin64/amplxe-perf stat --iostat=list
253 [139812696745536] INFO perfrun.sdk <> - runCmd started PID 235043
998 [139812696745536] INFO perfrun.sdk <> - UPI platform topology is not supported on this platform via perf
998 [139812696745536] INFO perfrun.sdk <> - Mapped device: Ethernet Controller X710 for 10GBASE-T Ethernet Network Adapter X710-T2L for OCP 3.0 0000:17:00.0
998 [139812696745536] INFO perfrun.sdk <> - Mapped device: Ethernet Controller X710 for 10GBASE-T Ethernet Network Adapter X710-TL 0000:17:00.1
999 [139812696745536] INFO perfrun.sdk <> - Mapped device: GV100GL [Tesla V100 PCIe 16GB] 0000:4b:00.0
1001 [139812696745536] INFO perfrun.sdk <> - Mapped device: AST1150 PCI-to-PCI Bridge 0000:01:00.0
1001 [139812696745536] INFO perfrun.sdk <> - Mapped device: ASPEED Graphics Family 0000:02:00.0
1002 [139812696745536] INFO perfrun.sdk <> - Mapped device: Bridge: Intel Corporation Device 0x4fa0 0000:b1:00.0
1002 [139812696745536] INFO perfrun.sdk <> - Mapped device: Bridge: Intel Corporation Device 0x4fa4 0000:b2:01.0
1003 [139812696745536] INFO perfrun.sdk <> - Mapped device: Display controller: Intel Corporation Device 0x56c0 0000:b3:00.0
1013 [139812696745536] INFO perfrun.sdk <> - runCmd: /opt/intel/oneapi/vtune/2023.1.0/bin64/sep -platform-info
1014 [139812696745536] INFO perfrun.sdk <> - runCmd started PID 235044
1034 [139812696745536] WARN perfrun.sdk <> - SEP driver is not available, at file: vcs/perfrun1/plugins/pluginsdk/src/device_mapper.cpp:745
1034 [139812696745536] INFO perfrun.sdk <> - runCmd: /opt/intel/oneapi/vtune/2023.1.0/bin64/sep -platform-info
1036 [139812696745536] INFO perfrun.sdk <> - runCmd started PID 235045
1055 [139812696745536] WARN perfrun.sdk <> - SEP driver is not available, at file: vcs/perfrun1/plugins/pluginsdk/src/device_mapper.cpp:745
1055 [139812696745536] INFO perfrun.sdk <> - runCmd: /opt/intel/oneapi/vtune/2023.1.0/bin64/amplxe-perf stat --iostat=list
1056 [139812696745536] INFO perfrun.sdk <> - runCmd started PID 235046
1791 [139812696745536] INFO perfrun.sdk <> - UPI platform topology is not supported on this platform via perf
1791 [139812696745536] WARN perfrun.sdk <> - Failed to find xl binary on any of the system paths: /bin, /sbin, /usr/bin, /usr/sbin., at file: vcs/perfrun1/sdk/src/utils.cpp:204
1792 [139812696745536] WARN perfrun.system <> - Could not start ContainerMapping collector, at file: vcs/perfrun1/plugins/system/src/controller.cpp:448
1924 [139812696745536] INFO perfrun.vdso <> - Helper runtool '/opt/intel/oneapi/vtune/2023.1.0/bin32/amplxe-runss -dump-vdso -r /ws2/yfulwani/Profiling_Guide/Vtune_Profiler/VTune_Profiler_Results/stock_results/performance_snapshot_results --tmp-dir /tmp/amplxe-tmp-yfulwani' returned 0
2120 [139812696745536] INFO perfrun.vdso <> - Helper runtool '/opt/intel/oneapi/vtune/2023.1.0/bin64/amplxe-runss -dump-vdso -r /ws2/yfulwani/Profiling_Guide/Vtune_Profiler/VTune_Profiler_Results/stock_results/performance_snapshot_results --tmp-dir /tmp/amplxe-tmp-yfulwani' returned 0
2120 [139812696745536] INFO perfrun.itt <> - start itt controller for pid #235041
2120 [139812696745536] INFO perfrun.tpss <> - start tpss controller for pid #235041
2171 [139812848588672] INFO perfrun.launcher <> - Launcher: all plugins were started
2171 [139812848588672] INFO perfrun.launcher <> - DirectoryMonitor object was created
2171 [139812848588672] INFO perfrun.launcher <> - DirectoryMonitor: a callback was added
2171 [139812848588672] INFO perfrun.launcher <> - DirectoryMonitor was started with pingTime = 1000
2172 [139812848588672] INFO perfrun.launcher <> - DeadlineTimer is going to be constructed
2172 [139812848588672] INFO perfrun.launcher <> - DeadlineTimer: a callback was added
2175 [139812848588672] INFO perfrun.launcher <> - Launcher: resume the profiled application and  wait its termination or stop command
11700678 [139812848588672] INFO perfrun.launcher <> - Launcher: the profiled application was terminated  with exit code = 0
11700716 [139812696745536] INFO perfrun.itt <> - detach itt controller
11700716 [139812696745536] INFO perfrun.itt <> - detach itt controller done
11700716 [139812696745536] INFO perfrun.tpss <> - stop tpss controller
11700718 [139812696745536] INFO perfrun.sdk <> - De-allocating TMU: /ws2/yfulwani/Profiling_Guide/Vtune_Profiler/VTune_Profiler_Results/stock_results/performance_snapshot_results/data.0/systemcollector-235036-icx01-tce.sc
11700718 [139812696745536] INFO perfrun.system <> - closed the system trace file: /ws2/yfulwani/Profiling_Guide/Vtune_Profiler/VTune_Profiler_Results/stock_results/performance_snapshot_results/data.0/systemcollector-235036-icx01-tce.sc
11700718 [139812848588672] INFO perfrun.launcher <> - Launcher: all plugins were stopped.
11700718 [139812848588672] INFO perfrun.launcher <> - DeadlineTimer is going to be destroyed
11700718 [139812848588672] INFO perfrun.launcher <> - DeadlineTimer was destroyed
11700718 [139812848588672] INFO perfrun.launcher <> - DirectoryMonitor object was destroyed
11700719 [139812848588672] WARN perfrun.launcher <> - Stop command is ignored because it is received when collection is already stopped, at file: vcs/perfrun1/launcher/src/command_handler.cpp:226
11700721 [139812848588672] INFO perfrun.launcher <> - Application exit code: 0
11700721 [139812848588672] INFO perfrun.launcher <> - Exit code: 0
