
322431 : 0x366f265cbc8cc : 1 : spill_jit_data :  Jit agent is not initialized
322378 : 0x366f265cc33e8 : 2 : ittapi_config_mask_get :  --itt-config mask to be applied: 17
322378 : 0x366f265cc4e09 : 2 : ittapi_config_apply_per_lib :  ITTAPI function instrumented: __itt_domain_create
322378 : 0x366f265cc54d3 : 2 : ittapi_config_apply_per_lib :  ITTAPI function instrumented: __itt_module_load_with_sections
322378 : 0x366f265cc6100 : 2 : ittapi_config_apply_per_lib :  ITTAPI function not implemented: __itt_module_unload_with_sections
322378 : 0x366f265cc6659 : 2 : ittapi_config_apply_per_lib :  ITTAPI function instrumented: __itt_string_handle_create
322378 : 0x366f265cc6b23 : 2 : ittapi_config_apply_per_lib :  ITTAPI function instrumented: __itt_counter_create
322378 : 0x366f265cc6f50 : 2 : ittapi_config_apply_per_lib :  ITTAPI function instrumented: __itt_counter_create_typed
322378 : 0x366f265cc73b8 : 2 : ittapi_config_apply_per_lib :  ITTAPI function instrumented: __itt_pause
322378 : 0x366f265cc7822 : 2 : ittapi_config_apply_per_lib :  ITTAPI function instrumented: __itt_resume
322378 : 0x366f265ccf38f : 2 : ittapi_config_apply_per_lib :  ITTAPI function instrumented: __itt_thread_set_name
322378 : 0x366f265ccf82a : 2 : ittapi_config_apply_per_lib :  ITTAPI function instrumented: __itt_thread_ignore
322378 : 0x366f265ccfc20 : 2 : ittapi_config_apply_per_lib :  ITTAPI function instrumented: __itt_thr_name_set
322378 : 0x366f265ccff6f : 2 : ittapi_config_apply_per_lib :  ITTAPI function instrumented: __itt_thr_ignore
322378 : 0x366f265cd04e9 : 2 : ittapi_config_apply_per_lib :  ITTAPI function not implemented: __itt_enable_attach
322378 : 0x366f265cd08e8 : 2 : ittapi_config_apply_per_lib :  ITTAPI function instrumented: __itt_detach
322378 : 0x366f265cd0baa : 2 : ittapi_config_apply_per_lib :  ITTAPI function NOT instrumented (not matched by --itt-config option): __itt_sync_create

322378 : 0x366f265cd0ecd : 2 : ittapi_config_apply_per_lib :  ITTAPI function NOT instrumented (not matched by --itt-config option): __itt_sync_rename

322378 : 0x366f265cd10f1 : 2 : ittapi_config_apply_per_lib :  ITTAPI function NOT instrumented (not matched by --itt-config option): __itt_sync_destroy

322378 : 0x366f265cd1376 : 2 : ittapi_config_apply_per_lib :  ITTAPI function NOT instrumented (not matched by --itt-config option): __itt_sync_prepare

322378 : 0x366f265cd2c7b : 2 : ittapi_config_apply_per_lib :  ITTAPI function NOT instrumented (not matched by --itt-config option): __itt_sync_cancel

322378 : 0x366f265cd2f43 : 2 : ittapi_config_apply_per_lib :  ITTAPI function NOT instrumented (not matched by --itt-config option): __itt_sync_acquired

322378 : 0x366f265cd3193 : 2 : ittapi_config_apply_per_lib :  ITTAPI function NOT instrumented (not matched by --itt-config option): __itt_sync_releasing

322378 : 0x366f265cd363d : 2 : ittapi_config_apply_per_lib :  ITTAPI function not implemented: __itt_suppress_push
322378 : 0x366f265cd3b1b : 2 : ittapi_config_apply_per_lib :  ITTAPI function not implemented: __itt_suppress_pop
322378 : 0x366f265cd3f0d : 2 : ittapi_config_apply_per_lib :  ITTAPI function not implemented: __itt_suppress_mark_range
322378 : 0x366f265cd4306 : 2 : ittapi_config_apply_per_lib :  ITTAPI function not implemented: __itt_suppress_clear_range
322378 : 0x366f265cd4555 : 2 : ittapi_config_apply_per_lib :  ITTAPI function NOT instrumented (not matched by --itt-config option): __itt_sync_prepare

322378 : 0x366f265cd47d8 : 2 : ittapi_config_apply_per_lib :  ITTAPI function NOT instrumented (not matched by --itt-config option): __itt_sync_cancel

322378 : 0x366f265cd49ff : 2 : ittapi_config_apply_per_lib :  ITTAPI function NOT instrumented (not matched by --itt-config option): __itt_sync_acquired

322378 : 0x366f265cd5da2 : 2 : ittapi_config_apply_per_lib :  ITTAPI function NOT instrumented (not matched by --itt-config option): __itt_sync_releasing

322378 : 0x366f265cd60b4 : 2 : ittapi_config_apply_per_lib :  ITTAPI function NOT instrumented (not matched by --itt-config option): __itt_model_site_begin

322378 : 0x366f265cd634d : 2 : ittapi_config_apply_per_lib :  ITTAPI function NOT instrumented (not matched by --itt-config option): __itt_model_site_end

322378 : 0x366f265cd65a3 : 2 : ittapi_config_apply_per_lib :  ITTAPI function NOT instrumented (not matched by --itt-config option): __itt_model_task_begin

322378 : 0x366f265cd67ce : 2 : ittapi_config_apply_per_lib :  ITTAPI function NOT instrumented (not matched by --itt-config option): __itt_model_task_end

322378 : 0x366f265cd69fd : 2 : ittapi_config_apply_per_lib :  ITTAPI function NOT instrumented (not matched by --itt-config option): __itt_model_lock_acquire

322378 : 0x366f265cd6c93 : 2 : ittapi_config_apply_per_lib :  ITTAPI function NOT instrumented (not matched by --itt-config option): __itt_model_lock_release

322378 : 0x366f265cd6ef3 : 2 : ittapi_config_apply_per_lib :  ITTAPI function NOT instrumented (not matched by --itt-config option): __itt_model_record_allocation

322378 : 0x366f265cd7130 : 2 : ittapi_config_apply_per_lib :  ITTAPI function NOT instrumented (not matched by --itt-config option): __itt_model_record_deallocation

322378 : 0x366f265cd735a : 2 : ittapi_config_apply_per_lib :  ITTAPI function NOT instrumented (not matched by --itt-config option): __itt_model_induction_uses

322378 : 0x366f265cd948d : 2 : ittapi_config_apply_per_lib :  ITTAPI function NOT instrumented (not matched by --itt-config option): __itt_model_reduction_uses

322378 : 0x366f265cd97a7 : 2 : ittapi_config_apply_per_lib :  ITTAPI function NOT instrumented (not matched by --itt-config option): __itt_model_observe_uses

322378 : 0x366f265cd9a27 : 2 : ittapi_config_apply_per_lib :  ITTAPI function NOT instrumented (not matched by --itt-config option): __itt_model_clear_uses

322378 : 0x366f265cd9ca2 : 2 : ittapi_config_apply_per_lib :  ITTAPI function NOT instrumented (not matched by --itt-config option): __itt_model_site_beginA

322378 : 0x366f265cd9efb : 2 : ittapi_config_apply_per_lib :  ITTAPI function NOT instrumented (not matched by --itt-config option): __itt_model_site_beginAL

322378 : 0x366f265cda13e : 2 : ittapi_config_apply_per_lib :  ITTAPI function NOT instrumented (not matched by --itt-config option): __itt_model_task_beginA

322378 : 0x366f265cda397 : 2 : ittapi_config_apply_per_lib :  ITTAPI function NOT instrumented (not matched by --itt-config option): __itt_model_task_beginAL

322378 : 0x366f265cda5e2 : 2 : ittapi_config_apply_per_lib :  ITTAPI function NOT instrumented (not matched by --itt-config option): __itt_model_iteration_taskA

322378 : 0x366f265cda822 : 2 : ittapi_config_apply_per_lib :  ITTAPI function NOT instrumented (not matched by --itt-config option): __itt_model_iteration_taskAL

322378 : 0x366f265cdaa51 : 2 : ittapi_config_apply_per_lib :  ITTAPI function NOT instrumented (not matched by --itt-config option): __itt_model_site_end_2

322378 : 0x366f265cdbdb7 : 2 : ittapi_config_apply_per_lib :  ITTAPI function NOT instrumented (not matched by --itt-config option): __itt_model_task_end_2

322378 : 0x366f265cdc04e : 2 : ittapi_config_apply_per_lib :  ITTAPI function NOT instrumented (not matched by --itt-config option): __itt_model_lock_acquire_2

322378 : 0x366f265cdc2c5 : 2 : ittapi_config_apply_per_lib :  ITTAPI function NOT instrumented (not matched by --itt-config option): __itt_model_lock_release_2

322378 : 0x366f265cdc515 : 2 : ittapi_config_apply_per_lib :  ITTAPI function NOT instrumented (not matched by --itt-config option): __itt_model_aggregate_task

322378 : 0x366f265cdc777 : 2 : ittapi_config_apply_per_lib :  ITTAPI function NOT instrumented (not matched by --itt-config option): __itt_model_disable_push

322378 : 0x366f265cdc9a8 : 2 : ittapi_config_apply_per_lib :  ITTAPI function NOT instrumented (not matched by --itt-config option): __itt_model_disable_pop

322378 : 0x366f265cdcdad : 2 : ittapi_config_apply_per_lib :  ITTAPI function instrumented: __itt_heap_function_create
322378 : 0x366f265cdd199 : 2 : ittapi_config_apply_per_lib :  ITTAPI function instrumented: __itt_heap_allocate_begin
322378 : 0x366f265cdd4ed : 2 : ittapi_config_apply_per_lib :  ITTAPI function instrumented: __itt_heap_allocate_end
322378 : 0x366f265cdd854 : 2 : ittapi_config_apply_per_lib :  ITTAPI function instrumented: __itt_heap_free_begin
322378 : 0x366f265cdf454 : 2 : ittapi_config_apply_per_lib :  ITTAPI function instrumented: __itt_heap_free_end
322378 : 0x366f265cdf82e : 2 : ittapi_config_apply_per_lib :  ITTAPI function instrumented: __itt_heap_reallocate_begin
322378 : 0x366f265cdfb40 : 2 : ittapi_config_apply_per_lib :  ITTAPI function instrumented: __itt_heap_reallocate_end
322378 : 0x366f265cdff94 : 2 : ittapi_config_apply_per_lib :  ITTAPI function not implemented: __itt_heap_internal_access_begin
322378 : 0x366f265ce03c4 : 2 : ittapi_config_apply_per_lib :  ITTAPI function not implemented: __itt_heap_internal_access_end
322378 : 0x366f265ce07a5 : 2 : ittapi_config_apply_per_lib :  ITTAPI function not implemented: __itt_heap_record_memory_growth_begin
322378 : 0x366f265ce0baf : 2 : ittapi_config_apply_per_lib :  ITTAPI function not implemented: __itt_heap_record_memory_growth_end
322378 : 0x366f265ce0ff7 : 2 : ittapi_config_apply_per_lib :  ITTAPI function not implemented: __itt_heap_reset_detection
322378 : 0x366f265ce1406 : 2 : ittapi_config_apply_per_lib :  ITTAPI function not implemented: __itt_heap_record
322378 : 0x366f265ce1801 : 2 : ittapi_config_apply_per_lib :  ITTAPI function not implemented: __itt_id_create
322378 : 0x366f265ce2c95 : 2 : ittapi_config_apply_per_lib :  ITTAPI function not implemented: __itt_id_destroy
322378 : 0x366f265ce3091 : 2 : ittapi_config_apply_per_lib :  ITTAPI function instrumented: __itt_get_timestamp
322378 : 0x366f265ce347f : 2 : ittapi_config_apply_per_lib :  ITTAPI function not implemented: __itt_region_begin
322378 : 0x366f265ce384f : 2 : ittapi_config_apply_per_lib :  ITTAPI function not implemented: __itt_region_end
322378 : 0x366f265ce3c10 : 2 : ittapi_config_apply_per_lib :  ITTAPI function instrumented: __itt_frame_begin_v3
322378 : 0x366f265ce4022 : 2 : ittapi_config_apply_per_lib :  ITTAPI function instrumented: __itt_frame_end_v3
322378 : 0x366f265ce43ca : 2 : ittapi_config_apply_per_lib :  ITTAPI function instrumented: __itt_frame_submit_v3
322378 : 0x366f265ce4635 : 2 : ittapi_config_apply_per_lib :  ITTAPI function NOT instrumented (not matched by --itt-config option): __itt_task_group

322378 : 0x366f265ce48db : 2 : ittapi_config_apply_per_lib :  ITTAPI function NOT instrumented (not matched by --itt-config option): __itt_task_begin

322378 : 0x366f265ce4b42 : 2 : ittapi_config_apply_per_lib :  ITTAPI function NOT instrumented (not matched by --itt-config option): __itt_task_begin_fn

322378 : 0x366f265ce5cef : 2 : ittapi_config_apply_per_lib :  ITTAPI function NOT instrumented (not matched by --itt-config option): __itt_task_end

322378 : 0x366f265ce6039 : 2 : ittapi_config_apply_per_lib :  ITTAPI function NOT instrumented (not matched by --itt-config option): __itt_counter_inc_v3

322378 : 0x366f265ce62e2 : 2 : ittapi_config_apply_per_lib :  ITTAPI function NOT instrumented (not matched by --itt-config option): __itt_counter_inc_delta_v3

322378 : 0x366f265ce655c : 2 : ittapi_config_apply_per_lib :  ITTAPI function NOT instrumented (not matched by --itt-config option): __itt_counter_dec_v3

322378 : 0x366f265ce67ca : 2 : ittapi_config_apply_per_lib :  ITTAPI function NOT instrumented (not matched by --itt-config option): __itt_counter_dec_delta_v3

322378 : 0x366f265ce6c22 : 2 : ittapi_config_apply_per_lib :  ITTAPI function not implemented: __itt_marker
322378 : 0x366f265ce6fe5 : 2 : ittapi_config_apply_per_lib :  ITTAPI function instrumented: __itt_metadata_add
322378 : 0x366f265ce742b : 2 : ittapi_config_apply_per_lib :  ITTAPI function not implemented: __itt_metadata_str_add
322378 : 0x366f265ce7824 : 2 : ittapi_config_apply_per_lib :  ITTAPI function not implemented: __itt_relation_add_to_current
322378 : 0x366f265ce7bb0 : 2 : ittapi_config_apply_per_lib :  ITTAPI function not implemented: __itt_relation_add
322378 : 0x366f265ce8e2c : 2 : ittapi_config_apply_per_lib :  ITTAPI function instrumented: __itt_event_create
322378 : 0x366f265ce90f5 : 2 : ittapi_config_apply_per_lib :  ITTAPI function NOT instrumented (not matched by --itt-config option): __itt_event_start

322378 : 0x366f265ce938e : 2 : ittapi_config_apply_per_lib :  ITTAPI function NOT instrumented (not matched by --itt-config option): __itt_event_end

322378 : 0x366f265ce9612 : 2 : ittapi_config_apply_per_lib :  ITTAPI function NOT instrumented (not matched by --itt-config option): __itt_sync_set_name

322378 : 0x366f265ce98c5 : 2 : ittapi_config_apply_per_lib :  ITTAPI function NOT instrumented (not matched by --itt-config option): __itt_notify_sync_name

322378 : 0x366f265ce9b49 : 2 : ittapi_config_apply_per_lib :  ITTAPI function NOT instrumented (not matched by --itt-config option): __itt_notify_sync_prepare

322378 : 0x366f265ce9d9e : 2 : ittapi_config_apply_per_lib :  ITTAPI function NOT instrumented (not matched by --itt-config option): __itt_notify_sync_cancel

322378 : 0x366f265ce9fcd : 2 : ittapi_config_apply_per_lib :  ITTAPI function NOT instrumented (not matched by --itt-config option): __itt_notify_sync_acquired

322378 : 0x366f265cea20d : 2 : ittapi_config_apply_per_lib :  ITTAPI function NOT instrumented (not matched by --itt-config option): __itt_notify_sync_releasing

322378 : 0x366f265cea616 : 2 : ittapi_config_apply_per_lib :  ITTAPI function not implemented: __itt_memory_read
322378 : 0x366f265cec233 : 2 : ittapi_config_apply_per_lib :  ITTAPI function not implemented: __itt_memory_write
322378 : 0x366f265cec6c0 : 2 : ittapi_config_apply_per_lib :  ITTAPI function not implemented: __itt_memory_update
322378 : 0x366f265cecb0f : 2 : ittapi_config_apply_per_lib :  ITTAPI function not implemented: __itt_state_get
322378 : 0x366f265ceceee : 2 : ittapi_config_apply_per_lib :  ITTAPI function not implemented: __itt_state_set
322378 : 0x366f265ced2bb : 2 : ittapi_config_apply_per_lib :  ITTAPI function not implemented: __itt_obj_mode_set
322378 : 0x366f265ced696 : 2 : ittapi_config_apply_per_lib :  ITTAPI function not implemented: __itt_thr_mode_set
322378 : 0x366f265ced9d5 : 2 : ittapi_config_apply_per_lib :  ITTAPI function instrumented: __itt_frame_create
322378 : 0x366f265cedcb4 : 2 : ittapi_config_apply_per_lib :  ITTAPI function instrumented: __itt_pt_region_create
322378 : 0x366f265cee066 : 2 : ittapi_config_apply_per_lib :  ITTAPI function instrumented: __itt_frame_begin
322378 : 0x366f265cee3df : 2 : ittapi_config_apply_per_lib :  ITTAPI function instrumented: __itt_frame_end
322378 : 0x366f265cef71e : 2 : ittapi_config_apply_per_lib :  ITTAPI function NOT instrumented (not matched by --itt-config option): __itt_counter_destroy

322378 : 0x366f265cefa00 : 2 : ittapi_config_apply_per_lib :  ITTAPI function NOT instrumented (not matched by --itt-config option): __itt_counter_inc

322378 : 0x366f265cefc8a : 2 : ittapi_config_apply_per_lib :  ITTAPI function NOT instrumented (not matched by --itt-config option): __itt_counter_inc_delta

322378 : 0x366f265cefecd : 2 : ittapi_config_apply_per_lib :  ITTAPI function NOT instrumented (not matched by --itt-config option): __itt_counter_dec

322378 : 0x366f265cf0159 : 2 : ittapi_config_apply_per_lib :  ITTAPI function NOT instrumented (not matched by --itt-config option): __itt_counter_dec_delta

322378 : 0x366f265cf03a7 : 2 : ittapi_config_apply_per_lib :  ITTAPI function NOT instrumented (not matched by --itt-config option): __itt_counter_set_value

322378 : 0x366f265cf05f7 : 2 : ittapi_config_apply_per_lib :  ITTAPI function NOT instrumented (not matched by --itt-config option): __itt_counter_set_value_ex

322378 : 0x366f265cf09b1 : 2 : ittapi_config_apply_per_lib :  ITTAPI function not implemented: __itt_mark_create
322378 : 0x366f265cf0db0 : 2 : ittapi_config_apply_per_lib :  ITTAPI function not implemented: __itt_mark
322378 : 0x366f265cf11c4 : 2 : ittapi_config_apply_per_lib :  ITTAPI function not implemented: __itt_mark_off
322378 : 0x366f265cf2592 : 2 : ittapi_config_apply_per_lib :  ITTAPI function not implemented: __itt_mark_global
322378 : 0x366f265cf29cc : 2 : ittapi_config_apply_per_lib :  ITTAPI function not implemented: __itt_mark_global_off
322378 : 0x366f265cf2e1d : 2 : ittapi_config_apply_per_lib :  ITTAPI function instrumented: __itt_stack_caller_create
322378 : 0x366f265cf31bc : 2 : ittapi_config_apply_per_lib :  ITTAPI function instrumented: __itt_stack_caller_destroy
322378 : 0x366f265cf3516 : 2 : ittapi_config_apply_per_lib :  ITTAPI function instrumented: __itt_stack_callee_enter
322378 : 0x366f265cf3870 : 2 : ittapi_config_apply_per_lib :  ITTAPI function instrumented: __itt_stack_callee_leave
322378 : 0x366f265cf3bea : 2 : ittapi_config_apply_per_lib :  ITTAPI function not implemented: __itt_clock_domain_create
322378 : 0x366f265cf3ffd : 2 : ittapi_config_apply_per_lib :  ITTAPI function not implemented: __itt_clock_domain_reset
322378 : 0x366f265cf43a5 : 2 : ittapi_config_apply_per_lib :  ITTAPI function not implemented: __itt_id_create_ex
322378 : 0x366f265cf4782 : 2 : ittapi_config_apply_per_lib :  ITTAPI function not implemented: __itt_id_destroy_ex
322378 : 0x366f265cf6187 : 2 : ittapi_config_apply_per_lib :  ITTAPI function NOT instrumented (not matched by --itt-config option): __itt_task_begin_ex

322378 : 0x366f265cf644c : 2 : ittapi_config_apply_per_lib :  ITTAPI function NOT instrumented (not matched by --itt-config option): __itt_task_begin_fn_ex

322378 : 0x366f265cf66ad : 2 : ittapi_config_apply_per_lib :  ITTAPI function NOT instrumented (not matched by --itt-config option): __itt_task_end_ex

322378 : 0x366f265cf690f : 2 : ittapi_config_apply_per_lib :  ITTAPI function NOT instrumented (not matched by --itt-config option): __itt_task_begin_overlapped

322378 : 0x366f265cf6b55 : 2 : ittapi_config_apply_per_lib :  ITTAPI function NOT instrumented (not matched by --itt-config option): __itt_task_begin_overlapped_ex

322378 : 0x366f265cf6d6f : 2 : ittapi_config_apply_per_lib :  ITTAPI function NOT instrumented (not matched by --itt-config option): __itt_task_end_overlapped

322378 : 0x366f265cf6f9f : 2 : ittapi_config_apply_per_lib :  ITTAPI function NOT instrumented (not matched by --itt-config option): __itt_task_end_overlapped_ex

322378 : 0x366f265cf739e : 2 : ittapi_config_apply_per_lib :  ITTAPI function not implemented: __itt_marker_ex
322378 : 0x366f265cf77db : 2 : ittapi_config_apply_per_lib :  ITTAPI function not implemented: __itt_metadata_add_with_scope
322378 : 0x366f265cf7bf9 : 2 : ittapi_config_apply_per_lib :  ITTAPI function not implemented: __itt_metadata_str_add_with_scope
322378 : 0x366f265cf90e7 : 2 : ittapi_config_apply_per_lib :  ITTAPI function not implemented: __itt_relation_add_to_current_ex
322378 : 0x366f265cf9545 : 2 : ittapi_config_apply_per_lib :  ITTAPI function not implemented: __itt_relation_add_ex
322378 : 0x366f265cf9910 : 2 : ittapi_config_apply_per_lib :  ITTAPI function not implemented: __itt_track_group_create
322378 : 0x366f265cf9c70 : 2 : ittapi_config_apply_per_lib :  ITTAPI function not implemented: __itt_track_create
322378 : 0x366f265cfa044 : 2 : ittapi_config_apply_per_lib :  ITTAPI function not implemented: __itt_set_track
322378 : 0x366f265cfa51c : 2 : ittapi_config_apply_per_lib :  ITTAPI function instrumented: __itt_api_version
322378 : 0x366f265cfa8de : 2 : ittapi_config_apply_per_lib :  ITTAPI function not implemented: __itt_av_save
322378 : 0x366f265cfaca0 : 2 : ittapi_config_apply_per_lib :  ITTAPI function instrumented: __itt_module_load
322378 : 0x366f265cfb07a : 2 : ittapi_config_apply_per_lib :  ITTAPI function not implemented: __itt_module_unload
322378 : 0x366f265d5745c : 2 : ittapi_config_mask_get :  --itt-config mask to be applied: 17
322378 : 0x366f265d59fd8 : 2 : ittapi_config_apply_per_lib :  ITTAPI function instrumented: __itt_domain_create
322378 : 0x366f265d5a47f : 2 : ittapi_config_apply_per_lib :  ITTAPI function instrumented: __itt_module_load_with_sections
322378 : 0x366f265d5a964 : 2 : ittapi_config_apply_per_lib :  ITTAPI function not implemented: __itt_module_unload_with_sections
322378 : 0x366f265d5ad4d : 2 : ittapi_config_apply_per_lib :  ITTAPI function instrumented: __itt_string_handle_create
322378 : 0x366f265d5b08d : 2 : ittapi_config_apply_per_lib :  ITTAPI function instrumented: __itt_counter_create
322378 : 0x366f265d5b3b9 : 2 : ittapi_config_apply_per_lib :  ITTAPI function instrumented: __itt_counter_create_typed
322378 : 0x366f265d5b70b : 2 : ittapi_config_apply_per_lib :  ITTAPI function instrumented: __itt_pause
322378 : 0x366f265d5bac6 : 2 : ittapi_config_apply_per_lib :  ITTAPI function instrumented: __itt_resume
322378 : 0x366f265d5be3e : 2 : ittapi_config_apply_per_lib :  ITTAPI function instrumented: __itt_thread_set_name
322378 : 0x366f265d5c185 : 2 : ittapi_config_apply_per_lib :  ITTAPI function instrumented: __itt_thread_ignore
322378 : 0x366f265d5e555 : 2 : ittapi_config_apply_per_lib :  ITTAPI function instrumented: __itt_thr_name_set
322378 : 0x366f265d5e916 : 2 : ittapi_config_apply_per_lib :  ITTAPI function instrumented: __itt_thr_ignore
322378 : 0x366f265d5ed44 : 2 : ittapi_config_apply_per_lib :  ITTAPI function not implemented: __itt_enable_attach
322378 : 0x366f265d5f098 : 2 : ittapi_config_apply_per_lib :  ITTAPI function instrumented: __itt_detach
322378 : 0x366f265d5f347 : 2 : ittapi_config_apply_per_lib :  ITTAPI function NOT instrumented (not matched by --itt-config option): __itt_sync_create

322378 : 0x366f265d5f5df : 2 : ittapi_config_apply_per_lib :  ITTAPI function NOT instrumented (not matched by --itt-config option): __itt_sync_rename

322378 : 0x366f265d5f840 : 2 : ittapi_config_apply_per_lib :  ITTAPI function NOT instrumented (not matched by --itt-config option): __itt_sync_destroy

322378 : 0x366f265d5fad4 : 2 : ittapi_config_apply_per_lib :  ITTAPI function NOT instrumented (not matched by --itt-config option): __itt_sync_prepare

322378 : 0x366f265d5fd41 : 2 : ittapi_config_apply_per_lib :  ITTAPI function NOT instrumented (not matched by --itt-config option): __itt_sync_cancel

322378 : 0x366f265d5ff5d : 2 : ittapi_config_apply_per_lib :  ITTAPI function NOT instrumented (not matched by --itt-config option): __itt_sync_acquired

322378 : 0x366f265d611b1 : 2 : ittapi_config_apply_per_lib :  ITTAPI function NOT instrumented (not matched by --itt-config option): __itt_sync_releasing

322378 : 0x366f265d6161f : 2 : ittapi_config_apply_per_lib :  ITTAPI function not implemented: __itt_suppress_push
322378 : 0x366f265d61aec : 2 : ittapi_config_apply_per_lib :  ITTAPI function not implemented: __itt_suppress_pop
322378 : 0x366f265d61edd : 2 : ittapi_config_apply_per_lib :  ITTAPI function not implemented: __itt_suppress_mark_range
322378 : 0x366f265d622cb : 2 : ittapi_config_apply_per_lib :  ITTAPI function not implemented: __itt_suppress_clear_range
322378 : 0x366f265d62554 : 2 : ittapi_config_apply_per_lib :  ITTAPI function NOT instrumented (not matched by --itt-config option): __itt_sync_prepare

322378 : 0x366f265d627ac : 2 : ittapi_config_apply_per_lib :  ITTAPI function NOT instrumented (not matched by --itt-config option): __itt_sync_cancel

322378 : 0x366f265d629df : 2 : ittapi_config_apply_per_lib :  ITTAPI function NOT instrumented (not matched by --itt-config option): __itt_sync_acquired

322378 : 0x366f265d62c2e : 2 : ittapi_config_apply_per_lib :  ITTAPI function NOT instrumented (not matched by --itt-config option): __itt_sync_releasing

322378 : 0x366f265d62ed4 : 2 : ittapi_config_apply_per_lib :  ITTAPI function NOT instrumented (not matched by --itt-config option): __itt_model_site_begin

322378 : 0x366f265d64100 : 2 : ittapi_config_apply_per_lib :  ITTAPI function NOT instrumented (not matched by --itt-config option): __itt_model_site_end

322378 : 0x366f265d643d7 : 2 : ittapi_config_apply_per_lib :  ITTAPI function NOT instrumented (not matched by --itt-config option): __itt_model_task_begin

322378 : 0x366f265d64682 : 2 : ittapi_config_apply_per_lib :  ITTAPI function NOT instrumented (not matched by --itt-config option): __itt_model_task_end

322378 : 0x366f265d648cf : 2 : ittapi_config_apply_per_lib :  ITTAPI function NOT instrumented (not matched by --itt-config option): __itt_model_lock_acquire

322378 : 0x366f265d64b6f : 2 : ittapi_config_apply_per_lib :  ITTAPI function NOT instrumented (not matched by --itt-config option): __itt_model_lock_release

322378 : 0x366f265d64dd5 : 2 : ittapi_config_apply_per_lib :  ITTAPI function NOT instrumented (not matched by --itt-config option): __itt_model_record_allocation

322378 : 0x366f265d6500d : 2 : ittapi_config_apply_per_lib :  ITTAPI function NOT instrumented (not matched by --itt-config option): __itt_model_record_deallocation

322378 : 0x366f265d65251 : 2 : ittapi_config_apply_per_lib :  ITTAPI function NOT instrumented (not matched by --itt-config option): __itt_model_induction_uses

322378 : 0x366f265d654bd : 2 : ittapi_config_apply_per_lib :  ITTAPI function NOT instrumented (not matched by --itt-config option): __itt_model_reduction_uses

322378 : 0x366f265d65735 : 2 : ittapi_config_apply_per_lib :  ITTAPI function NOT instrumented (not matched by --itt-config option): __itt_model_observe_uses

322378 : 0x366f265d670c8 : 2 : ittapi_config_apply_per_lib :  ITTAPI function NOT instrumented (not matched by --itt-config option): __itt_model_clear_uses

322378 : 0x366f265d6738b : 2 : ittapi_config_apply_per_lib :  ITTAPI function NOT instrumented (not matched by --itt-config option): __itt_model_site_beginA

322378 : 0x366f265d67608 : 2 : ittapi_config_apply_per_lib :  ITTAPI function NOT instrumented (not matched by --itt-config option): __itt_model_site_beginAL

322378 : 0x366f265d67836 : 2 : ittapi_config_apply_per_lib :  ITTAPI function NOT instrumented (not matched by --itt-config option): __itt_model_task_beginA

322378 : 0x366f265d67a81 : 2 : ittapi_config_apply_per_lib :  ITTAPI function NOT instrumented (not matched by --itt-config option): __itt_model_task_beginAL

322378 : 0x366f265d67cc6 : 2 : ittapi_config_apply_per_lib :  ITTAPI function NOT instrumented (not matched by --itt-config option): __itt_model_iteration_taskA

322378 : 0x366f265d67ee9 : 2 : ittapi_config_apply_per_lib :  ITTAPI function NOT instrumented (not matched by --itt-config option): __itt_model_iteration_taskAL

322378 : 0x366f265d68108 : 2 : ittapi_config_apply_per_lib :  ITTAPI function NOT instrumented (not matched by --itt-config option): __itt_model_site_end_2

322378 : 0x366f265d68351 : 2 : ittapi_config_apply_per_lib :  ITTAPI function NOT instrumented (not matched by --itt-config option): __itt_model_task_end_2

322378 : 0x366f265d68573 : 2 : ittapi_config_apply_per_lib :  ITTAPI function NOT instrumented (not matched by --itt-config option): __itt_model_lock_acquire_2

322378 : 0x366f265d698ed : 2 : ittapi_config_apply_per_lib :  ITTAPI function NOT instrumented (not matched by --itt-config option): __itt_model_lock_release_2

322378 : 0x366f265d69ba5 : 2 : ittapi_config_apply_per_lib :  ITTAPI function NOT instrumented (not matched by --itt-config option): __itt_model_aggregate_task

322378 : 0x366f265d69e15 : 2 : ittapi_config_apply_per_lib :  ITTAPI function NOT instrumented (not matched by --itt-config option): __itt_model_disable_push

322378 : 0x366f265d6a048 : 2 : ittapi_config_apply_per_lib :  ITTAPI function NOT instrumented (not matched by --itt-config option): __itt_model_disable_pop

322378 : 0x366f265d6a39f : 2 : ittapi_config_apply_per_lib :  ITTAPI function instrumented: __itt_heap_function_create
322378 : 0x366f265d6a757 : 2 : ittapi_config_apply_per_lib :  ITTAPI function instrumented: __itt_heap_allocate_begin
322378 : 0x366f265d6aa79 : 2 : ittapi_config_apply_per_lib :  ITTAPI function instrumented: __itt_heap_allocate_end
322378 : 0x366f265d6add8 : 2 : ittapi_config_apply_per_lib :  ITTAPI function instrumented: __itt_heap_free_begin
322378 : 0x366f265d6b0ae : 2 : ittapi_config_apply_per_lib :  ITTAPI function instrumented: __itt_heap_free_end
322378 : 0x366f265d6b3cc : 2 : ittapi_config_apply_per_lib :  ITTAPI function instrumented: __itt_heap_reallocate_begin
322378 : 0x366f265d6c6dc : 2 : ittapi_config_apply_per_lib :  ITTAPI function instrumented: __itt_heap_reallocate_end
322378 : 0x366f265d6cb67 : 2 : ittapi_config_apply_per_lib :  ITTAPI function not implemented: __itt_heap_internal_access_begin
322378 : 0x366f265d6cf8a : 2 : ittapi_config_apply_per_lib :  ITTAPI function not implemented: __itt_heap_internal_access_end
322378 : 0x366f265d6d392 : 2 : ittapi_config_apply_per_lib :  ITTAPI function not implemented: __itt_heap_record_memory_growth_begin
322378 : 0x366f265d6d789 : 2 : ittapi_config_apply_per_lib :  ITTAPI function not implemented: __itt_heap_record_memory_growth_end
322378 : 0x366f265d6db4d : 2 : ittapi_config_apply_per_lib :  ITTAPI function not implemented: __itt_heap_reset_detection
322378 : 0x366f265d6df6f : 2 : ittapi_config_apply_per_lib :  ITTAPI function not implemented: __itt_heap_record
322378 : 0x366f265d6e324 : 2 : ittapi_config_apply_per_lib :  ITTAPI function not implemented: __itt_id_create
322378 : 0x366f265d6e6d9 : 2 : ittapi_config_apply_per_lib :  ITTAPI function not implemented: __itt_id_destroy
322378 : 0x366f265d6ea2d : 2 : ittapi_config_apply_per_lib :  ITTAPI function instrumented: __itt_get_timestamp
322378 : 0x366f265d705be : 2 : ittapi_config_apply_per_lib :  ITTAPI function not implemented: __itt_region_begin
322378 : 0x366f265d70a0d : 2 : ittapi_config_apply_per_lib :  ITTAPI function not implemented: __itt_region_end
322378 : 0x366f265d70dc6 : 2 : ittapi_config_apply_per_lib :  ITTAPI function instrumented: __itt_frame_begin_v3
322378 : 0x366f265d71126 : 2 : ittapi_config_apply_per_lib :  ITTAPI function instrumented: __itt_frame_end_v3
322378 : 0x366f265d7147b : 2 : ittapi_config_apply_per_lib :  ITTAPI function instrumented: __itt_frame_submit_v3
322378 : 0x366f265d716b3 : 2 : ittapi_config_apply_per_lib :  ITTAPI function NOT instrumented (not matched by --itt-config option): __itt_task_group

322378 : 0x366f265d71945 : 2 : ittapi_config_apply_per_lib :  ITTAPI function NOT instrumented (not matched by --itt-config option): __itt_task_begin

322378 : 0x366f265d71b8b : 2 : ittapi_config_apply_per_lib :  ITTAPI function NOT instrumented (not matched by --itt-config option): __itt_task_begin_fn

322378 : 0x366f265d71df8 : 2 : ittapi_config_apply_per_lib :  ITTAPI function NOT instrumented (not matched by --itt-config option): __itt_task_end

322378 : 0x366f265d720a1 : 2 : ittapi_config_apply_per_lib :  ITTAPI function NOT instrumented (not matched by --itt-config option): __itt_counter_inc_v3

322378 : 0x366f265d73275 : 2 : ittapi_config_apply_per_lib :  ITTAPI function NOT instrumented (not matched by --itt-config option): __itt_counter_inc_delta_v3

322378 : 0x366f265d73541 : 2 : ittapi_config_apply_per_lib :  ITTAPI function NOT instrumented (not matched by --itt-config option): __itt_counter_dec_v3

322378 : 0x366f265d737d1 : 2 : ittapi_config_apply_per_lib :  ITTAPI function NOT instrumented (not matched by --itt-config option): __itt_counter_dec_delta_v3

322378 : 0x366f265d73bc7 : 2 : ittapi_config_apply_per_lib :  ITTAPI function not implemented: __itt_marker
322378 : 0x366f265d73f5f : 2 : ittapi_config_apply_per_lib :  ITTAPI function instrumented: __itt_metadata_add
322378 : 0x366f265d7435d : 2 : ittapi_config_apply_per_lib :  ITTAPI function not implemented: __itt_metadata_str_add
322378 : 0x366f265d74718 : 2 : ittapi_config_apply_per_lib :  ITTAPI function not implemented: __itt_relation_add_to_current
322378 : 0x366f265d74ac5 : 2 : ittapi_config_apply_per_lib :  ITTAPI function not implemented: __itt_relation_add
322378 : 0x366f265d74dca : 2 : ittapi_config_apply_per_lib :  ITTAPI function instrumented: __itt_event_create
322378 : 0x366f265d7501d : 2 : ittapi_config_apply_per_lib :  ITTAPI function NOT instrumented (not matched by --itt-config option): __itt_event_start

322378 : 0x366f265d761b4 : 2 : ittapi_config_apply_per_lib :  ITTAPI function NOT instrumented (not matched by --itt-config option): __itt_event_end

322378 : 0x366f265d7647b : 2 : ittapi_config_apply_per_lib :  ITTAPI function NOT instrumented (not matched by --itt-config option): __itt_sync_set_name

322378 : 0x366f265d7671d : 2 : ittapi_config_apply_per_lib :  ITTAPI function NOT instrumented (not matched by --itt-config option): __itt_notify_sync_name

322378 : 0x366f265d7697a : 2 : ittapi_config_apply_per_lib :  ITTAPI function NOT instrumented (not matched by --itt-config option): __itt_notify_sync_prepare

322378 : 0x366f265d76bdb : 2 : ittapi_config_apply_per_lib :  ITTAPI function NOT instrumented (not matched by --itt-config option): __itt_notify_sync_cancel

322378 : 0x366f265d76e18 : 2 : ittapi_config_apply_per_lib :  ITTAPI function NOT instrumented (not matched by --itt-config option): __itt_notify_sync_acquired

322378 : 0x366f265d7705b : 2 : ittapi_config_apply_per_lib :  ITTAPI function NOT instrumented (not matched by --itt-config option): __itt_notify_sync_releasing

322378 : 0x366f265d77448 : 2 : ittapi_config_apply_per_lib :  ITTAPI function not implemented: __itt_memory_read
322378 : 0x366f265d77846 : 2 : ittapi_config_apply_per_lib :  ITTAPI function not implemented: __itt_memory_write
322378 : 0x366f265d77c1d : 2 : ittapi_config_apply_per_lib :  ITTAPI function not implemented: __itt_memory_update
322378 : 0x366f265d79c9f : 2 : ittapi_config_apply_per_lib :  ITTAPI function not implemented: __itt_state_get
322378 : 0x366f265d7a0e7 : 2 : ittapi_config_apply_per_lib :  ITTAPI function not implemented: __itt_state_set
322378 : 0x366f265d7a4cf : 2 : ittapi_config_apply_per_lib :  ITTAPI function not implemented: __itt_obj_mode_set
322378 : 0x366f265d7a89c : 2 : ittapi_config_apply_per_lib :  ITTAPI function not implemented: __itt_thr_mode_set
322378 : 0x366f265d7abb3 : 2 : ittapi_config_apply_per_lib :  ITTAPI function instrumented: __itt_frame_create
322378 : 0x366f265d7aeb2 : 2 : ittapi_config_apply_per_lib :  ITTAPI function instrumented: __itt_pt_region_create
322378 : 0x366f265d7b1ef : 2 : ittapi_config_apply_per_lib :  ITTAPI function instrumented: __itt_frame_begin
322378 : 0x366f265d7b578 : 2 : ittapi_config_apply_per_lib :  ITTAPI function instrumented: __itt_frame_end
322378 : 0x366f265d7b810 : 2 : ittapi_config_apply_per_lib :  ITTAPI function NOT instrumented (not matched by --itt-config option): __itt_counter_destroy

322378 : 0x366f265d7ba98 : 2 : ittapi_config_apply_per_lib :  ITTAPI function NOT instrumented (not matched by --itt-config option): __itt_counter_inc

322378 : 0x366f265d7cc28 : 2 : ittapi_config_apply_per_lib :  ITTAPI function NOT instrumented (not matched by --itt-config option): __itt_counter_inc_delta

322378 : 0x366f265d7cee5 : 2 : ittapi_config_apply_per_lib :  ITTAPI function NOT instrumented (not matched by --itt-config option): __itt_counter_dec

322378 : 0x366f265d7d199 : 2 : ittapi_config_apply_per_lib :  ITTAPI function NOT instrumented (not matched by --itt-config option): __itt_counter_dec_delta

322378 : 0x366f265d7d3f2 : 2 : ittapi_config_apply_per_lib :  ITTAPI function NOT instrumented (not matched by --itt-config option): __itt_counter_set_value

322378 : 0x366f265d7d65f : 2 : ittapi_config_apply_per_lib :  ITTAPI function NOT instrumented (not matched by --itt-config option): __itt_counter_set_value_ex

322378 : 0x366f265d7da45 : 2 : ittapi_config_apply_per_lib :  ITTAPI function not implemented: __itt_mark_create
322378 : 0x366f265d7de31 : 2 : ittapi_config_apply_per_lib :  ITTAPI function not implemented: __itt_mark
322378 : 0x366f265d7e236 : 2 : ittapi_config_apply_per_lib :  ITTAPI function not implemented: __itt_mark_off
322378 : 0x366f265d7e5d9 : 2 : ittapi_config_apply_per_lib :  ITTAPI function not implemented: __itt_mark_global
322378 : 0x366f265d7e980 : 2 : ittapi_config_apply_per_lib :  ITTAPI function not implemented: __itt_mark_global_off
322378 : 0x366f265d7fcd3 : 2 : ittapi_config_apply_per_lib :  ITTAPI function instrumented: __itt_stack_caller_create
322378 : 0x366f265d800ae : 2 : ittapi_config_apply_per_lib :  ITTAPI function instrumented: __itt_stack_caller_destroy
322378 : 0x366f265d8042e : 2 : ittapi_config_apply_per_lib :  ITTAPI function instrumented: __itt_stack_callee_enter
322378 : 0x366f265d8071b : 2 : ittapi_config_apply_per_lib :  ITTAPI function instrumented: __itt_stack_callee_leave
322378 : 0x366f265d80aa8 : 2 : ittapi_config_apply_per_lib :  ITTAPI function not implemented: __itt_clock_domain_create
322378 : 0x366f265d80efc : 2 : ittapi_config_apply_per_lib :  ITTAPI function not implemented: __itt_clock_domain_reset
322378 : 0x366f265d8128b : 2 : ittapi_config_apply_per_lib :  ITTAPI function not implemented: __itt_id_create_ex
322378 : 0x366f265d81637 : 2 : ittapi_config_apply_per_lib :  ITTAPI function not implemented: __itt_id_destroy_ex
322378 : 0x366f265d81897 : 2 : ittapi_config_apply_per_lib :  ITTAPI function NOT instrumented (not matched by --itt-config option): __itt_task_begin_ex

322378 : 0x366f265d81ae8 : 2 : ittapi_config_apply_per_lib :  ITTAPI function NOT instrumented (not matched by --itt-config option): __itt_task_begin_fn_ex

322378 : 0x366f265d8347e : 2 : ittapi_config_apply_per_lib :  ITTAPI function NOT instrumented (not matched by --itt-config option): __itt_task_end_ex

322378 : 0x366f265d8377d : 2 : ittapi_config_apply_per_lib :  ITTAPI function NOT instrumented (not matched by --itt-config option): __itt_task_begin_overlapped

322378 : 0x366f265d83a1a : 2 : ittapi_config_apply_per_lib :  ITTAPI function NOT instrumented (not matched by --itt-config option): __itt_task_begin_overlapped_ex

322378 : 0x366f265d83ca6 : 2 : ittapi_config_apply_per_lib :  ITTAPI function NOT instrumented (not matched by --itt-config option): __itt_task_end_overlapped

322378 : 0x366f265d83f25 : 2 : ittapi_config_apply_per_lib :  ITTAPI function NOT instrumented (not matched by --itt-config option): __itt_task_end_overlapped_ex

322378 : 0x366f265d842ff : 2 : ittapi_config_apply_per_lib :  ITTAPI function not implemented: __itt_marker_ex
322378 : 0x366f265d84751 : 2 : ittapi_config_apply_per_lib :  ITTAPI function not implemented: __itt_metadata_add_with_scope
322378 : 0x366f265d84b46 : 2 : ittapi_config_apply_per_lib :  ITTAPI function not implemented: __itt_metadata_str_add_with_scope
322378 : 0x366f265d84f2e : 2 : ittapi_config_apply_per_lib :  ITTAPI function not implemented: __itt_relation_add_to_current_ex
322378 : 0x366f265d852f3 : 2 : ittapi_config_apply_per_lib :  ITTAPI function not implemented: __itt_relation_add_ex
322378 : 0x366f265d865f4 : 2 : ittapi_config_apply_per_lib :  ITTAPI function not implemented: __itt_track_group_create
322378 : 0x366f265d869c1 : 2 : ittapi_config_apply_per_lib :  ITTAPI function not implemented: __itt_track_create
322378 : 0x366f265d86db3 : 2 : ittapi_config_apply_per_lib :  ITTAPI function not implemented: __itt_set_track
322378 : 0x366f265d8712b : 2 : ittapi_config_apply_per_lib :  ITTAPI function instrumented: __itt_api_version
322378 : 0x366f265d874e9 : 2 : ittapi_config_apply_per_lib :  ITTAPI function not implemented: __itt_av_save
322378 : 0x366f265d87866 : 2 : ittapi_config_apply_per_lib :  ITTAPI function instrumented: __itt_module_load
322378 : 0x366f265d87c72 : 2 : ittapi_config_apply_per_lib :  ITTAPI function not implemented: __itt_module_unload
322378 : 0x366f4f76ce4f2 : 2 : ittapi_config_mask_get :  --itt-config mask to be applied: 17
322378 : 0x366f4f76d3853 : 2 : ittapi_config_apply_per_lib :  ITTAPI function instrumented: __itt_domain_create
322378 : 0x366f4f76d4e45 : 2 : ittapi_config_apply_per_lib :  ITTAPI function instrumented: __itt_module_load_with_sections
322378 : 0x366f4f76e7492 : 2 : ittapi_config_apply_per_lib :  ITTAPI function not implemented: __itt_module_unload_with_sections
322378 : 0x366f4f76e8ad0 : 2 : ittapi_config_apply_per_lib :  ITTAPI function instrumented: __itt_string_handle_create
322378 : 0x366f4f76e9888 : 2 : ittapi_config_apply_per_lib :  ITTAPI function instrumented: __itt_counter_create
322378 : 0x366f4f76ea4d7 : 2 : ittapi_config_apply_per_lib :  ITTAPI function instrumented: __itt_counter_create_typed
322378 : 0x366f4f76eb43d : 2 : ittapi_config_apply_per_lib :  ITTAPI function instrumented: __itt_pause
322378 : 0x366f4f76ec273 : 2 : ittapi_config_apply_per_lib :  ITTAPI function instrumented: __itt_resume
322378 : 0x366f4f76ed383 : 2 : ittapi_config_apply_per_lib :  ITTAPI function instrumented: __itt_thread_set_name
322378 : 0x366f4f76ee126 : 2 : ittapi_config_apply_per_lib :  ITTAPI function instrumented: __itt_thread_ignore
322378 : 0x366f4f76eed6c : 2 : ittapi_config_apply_per_lib :  ITTAPI function instrumented: __itt_thr_name_set
322378 : 0x366f4f76efa93 : 2 : ittapi_config_apply_per_lib :  ITTAPI function instrumented: __itt_thr_ignore
322378 : 0x366f4f76f8b90 : 2 : ittapi_config_apply_per_lib :  ITTAPI function instrumented: __itt_histogram_create
322378 : 0x366f4f76fa12d : 2 : ittapi_config_apply_per_lib :  ITTAPI function not implemented: __itt_enable_attach
322378 : 0x366f4f76fb09c : 2 : ittapi_config_apply_per_lib :  ITTAPI function instrumented: __itt_detach
322378 : 0x366f4f76fbb76 : 2 : ittapi_config_apply_per_lib :  ITTAPI function NOT instrumented (not matched by --itt-config option): __itt_sync_create

322378 : 0x366f4f76fc7e2 : 2 : ittapi_config_apply_per_lib :  ITTAPI function NOT instrumented (not matched by --itt-config option): __itt_sync_rename

322378 : 0x366f4f76fd1de : 2 : ittapi_config_apply_per_lib :  ITTAPI function NOT instrumented (not matched by --itt-config option): __itt_sync_destroy

322378 : 0x366f4f76fdbf8 : 2 : ittapi_config_apply_per_lib :  ITTAPI function NOT instrumented (not matched by --itt-config option): __itt_sync_prepare

322378 : 0x366f4f76fe5f0 : 2 : ittapi_config_apply_per_lib :  ITTAPI function NOT instrumented (not matched by --itt-config option): __itt_sync_cancel

322378 : 0x366f4f76ff118 : 2 : ittapi_config_apply_per_lib :  ITTAPI function NOT instrumented (not matched by --itt-config option): __itt_sync_acquired

322378 : 0x366f4f76ffaa6 : 2 : ittapi_config_apply_per_lib :  ITTAPI function NOT instrumented (not matched by --itt-config option): __itt_sync_releasing

322378 : 0x366f4f770487d : 2 : ittapi_config_apply_per_lib :  ITTAPI function not implemented: __itt_suppress_push
322378 : 0x366f4f7705d90 : 2 : ittapi_config_apply_per_lib :  ITTAPI function not implemented: __itt_suppress_pop
322378 : 0x366f4f7706fcc : 2 : ittapi_config_apply_per_lib :  ITTAPI function not implemented: __itt_suppress_mark_range
322378 : 0x366f4f7708188 : 2 : ittapi_config_apply_per_lib :  ITTAPI function not implemented: __itt_suppress_clear_range
322378 : 0x366f4f7708aee : 2 : ittapi_config_apply_per_lib :  ITTAPI function NOT instrumented (not matched by --itt-config option): __itt_sync_prepare

322378 : 0x366f4f770953f : 2 : ittapi_config_apply_per_lib :  ITTAPI function NOT instrumented (not matched by --itt-config option): __itt_sync_cancel

322378 : 0x366f4f7709e77 : 2 : ittapi_config_apply_per_lib :  ITTAPI function NOT instrumented (not matched by --itt-config option): __itt_sync_acquired

322378 : 0x366f4f770a68b : 2 : ittapi_config_apply_per_lib :  ITTAPI function NOT instrumented (not matched by --itt-config option): __itt_sync_releasing

322378 : 0x366f4f770b24b : 2 : ittapi_config_apply_per_lib :  ITTAPI function NOT instrumented (not matched by --itt-config option): __itt_model_site_begin

322378 : 0x366f4f770bc85 : 2 : ittapi_config_apply_per_lib :  ITTAPI function NOT instrumented (not matched by --itt-config option): __itt_model_site_end

322378 : 0x366f4f7710659 : 2 : ittapi_config_apply_per_lib :  ITTAPI function NOT instrumented (not matched by --itt-config option): __itt_model_task_begin

322378 : 0x366f4f7711235 : 2 : ittapi_config_apply_per_lib :  ITTAPI function NOT instrumented (not matched by --itt-config option): __itt_model_task_end

322378 : 0x366f4f7711e63 : 2 : ittapi_config_apply_per_lib :  ITTAPI function NOT instrumented (not matched by --itt-config option): __itt_model_lock_acquire

322378 : 0x366f4f77129fa : 2 : ittapi_config_apply_per_lib :  ITTAPI function NOT instrumented (not matched by --itt-config option): __itt_model_lock_release

322378 : 0x366f4f7713573 : 2 : ittapi_config_apply_per_lib :  ITTAPI function NOT instrumented (not matched by --itt-config option): __itt_model_record_allocation

322378 : 0x366f4f7713f05 : 2 : ittapi_config_apply_per_lib :  ITTAPI function NOT instrumented (not matched by --itt-config option): __itt_model_record_deallocation

322378 : 0x366f4f77148a5 : 2 : ittapi_config_apply_per_lib :  ITTAPI function NOT instrumented (not matched by --itt-config option): __itt_model_induction_uses

322378 : 0x366f4f77151cb : 2 : ittapi_config_apply_per_lib :  ITTAPI function NOT instrumented (not matched by --itt-config option): __itt_model_reduction_uses

322378 : 0x366f4f7715b14 : 2 : ittapi_config_apply_per_lib :  ITTAPI function NOT instrumented (not matched by --itt-config option): __itt_model_observe_uses

322378 : 0x366f4f77164dc : 2 : ittapi_config_apply_per_lib :  ITTAPI function NOT instrumented (not matched by --itt-config option): __itt_model_clear_uses

322378 : 0x366f4f771c346 : 2 : ittapi_config_apply_per_lib :  ITTAPI function NOT instrumented (not matched by --itt-config option): __itt_model_site_beginA

322378 : 0x366f4f771cfe4 : 2 : ittapi_config_apply_per_lib :  ITTAPI function NOT instrumented (not matched by --itt-config option): __itt_model_site_beginAL

322378 : 0x366f4f771d9ea : 2 : ittapi_config_apply_per_lib :  ITTAPI function NOT instrumented (not matched by --itt-config option): __itt_model_task_beginA

322378 : 0x366f4f771e2c3 : 2 : ittapi_config_apply_per_lib :  ITTAPI function NOT instrumented (not matched by --itt-config option): __itt_model_task_beginAL

322378 : 0x366f4f771ec0f : 2 : ittapi_config_apply_per_lib :  ITTAPI function NOT instrumented (not matched by --itt-config option): __itt_model_iteration_taskA

322378 : 0x366f4f771f6a2 : 2 : ittapi_config_apply_per_lib :  ITTAPI function NOT instrumented (not matched by --itt-config option): __itt_model_iteration_taskAL

322378 : 0x366f4f7720135 : 2 : ittapi_config_apply_per_lib :  ITTAPI function NOT instrumented (not matched by --itt-config option): __itt_model_site_end_2

322378 : 0x366f4f7720a45 : 2 : ittapi_config_apply_per_lib :  ITTAPI function NOT instrumented (not matched by --itt-config option): __itt_model_task_end_2

322378 : 0x366f4f77212fb : 2 : ittapi_config_apply_per_lib :  ITTAPI function NOT instrumented (not matched by --itt-config option): __itt_model_lock_acquire_2

322378 : 0x366f4f7721d65 : 2 : ittapi_config_apply_per_lib :  ITTAPI function NOT instrumented (not matched by --itt-config option): __itt_model_lock_release_2

322378 : 0x366f4f7725f96 : 2 : ittapi_config_apply_per_lib :  ITTAPI function NOT instrumented (not matched by --itt-config option): __itt_model_aggregate_task

322378 : 0x366f4f7726afb : 2 : ittapi_config_apply_per_lib :  ITTAPI function NOT instrumented (not matched by --itt-config option): __itt_model_disable_push

322378 : 0x366f4f7727524 : 2 : ittapi_config_apply_per_lib :  ITTAPI function NOT instrumented (not matched by --itt-config option): __itt_model_disable_pop

322378 : 0x366f4f77282de : 2 : ittapi_config_apply_per_lib :  ITTAPI function instrumented: __itt_heap_function_create
322378 : 0x366f4f7729100 : 2 : ittapi_config_apply_per_lib :  ITTAPI function instrumented: __itt_heap_allocate_begin
322378 : 0x366f4f7729e6a : 2 : ittapi_config_apply_per_lib :  ITTAPI function instrumented: __itt_heap_allocate_end
322378 : 0x366f4f772aa0f : 2 : ittapi_config_apply_per_lib :  ITTAPI function instrumented: __itt_heap_free_begin
322378 : 0x366f4f772b6b5 : 2 : ittapi_config_apply_per_lib :  ITTAPI function instrumented: __itt_heap_free_end
322378 : 0x366f4f772c473 : 2 : ittapi_config_apply_per_lib :  ITTAPI function instrumented: __itt_heap_reallocate_begin
322378 : 0x366f4f772cfd3 : 2 : ittapi_config_apply_per_lib :  ITTAPI function instrumented: __itt_heap_reallocate_end
322378 : 0x366f4f773176b : 2 : ittapi_config_apply_per_lib :  ITTAPI function not implemented: __itt_heap_internal_access_begin
322378 : 0x366f4f77327b4 : 2 : ittapi_config_apply_per_lib :  ITTAPI function not implemented: __itt_heap_internal_access_end
322378 : 0x366f4f7733659 : 2 : ittapi_config_apply_per_lib :  ITTAPI function not implemented: __itt_heap_record_memory_growth_begin
322378 : 0x366f4f77345ea : 2 : ittapi_config_apply_per_lib :  ITTAPI function not implemented: __itt_heap_record_memory_growth_end
322378 : 0x366f4f773540f : 2 : ittapi_config_apply_per_lib :  ITTAPI function not implemented: __itt_heap_reset_detection
322378 : 0x366f4f7736473 : 2 : ittapi_config_apply_per_lib :  ITTAPI function not implemented: __itt_heap_record
322378 : 0x366f4f77373a0 : 2 : ittapi_config_apply_per_lib :  ITTAPI function not implemented: __itt_id_create
322378 : 0x366f4f773844c : 2 : ittapi_config_apply_per_lib :  ITTAPI function not implemented: __itt_id_destroy
322378 : 0x366f4f773924e : 2 : ittapi_config_apply_per_lib :  ITTAPI function instrumented: __itt_get_timestamp
322378 : 0x366f4f773a198 : 2 : ittapi_config_apply_per_lib :  ITTAPI function not implemented: __itt_region_begin
322378 : 0x366f4f773ff78 : 2 : ittapi_config_apply_per_lib :  ITTAPI function not implemented: __itt_region_end
322378 : 0x366f4f7741078 : 2 : ittapi_config_apply_per_lib :  ITTAPI function instrumented: __itt_frame_begin_v3
322378 : 0x366f4f7741ff9 : 2 : ittapi_config_apply_per_lib :  ITTAPI function instrumented: __itt_frame_end_v3
322378 : 0x366f4f7742d88 : 2 : ittapi_config_apply_per_lib :  ITTAPI function instrumented: __itt_frame_submit_v3
322378 : 0x366f4f77438a1 : 2 : ittapi_config_apply_per_lib :  ITTAPI function NOT instrumented (not matched by --itt-config option): __itt_task_group

322378 : 0x366f4f774423e : 2 : ittapi_config_apply_per_lib :  ITTAPI function NOT instrumented (not matched by --itt-config option): __itt_task_begin

322378 : 0x366f4f7744b72 : 2 : ittapi_config_apply_per_lib :  ITTAPI function NOT instrumented (not matched by --itt-config option): __itt_task_begin_fn

322378 : 0x366f4f77454a5 : 2 : ittapi_config_apply_per_lib :  ITTAPI function NOT instrumented (not matched by --itt-config option): __itt_task_end

322378 : 0x366f4f7745f0b : 2 : ittapi_config_apply_per_lib :  ITTAPI function NOT instrumented (not matched by --itt-config option): __itt_counter_inc_v3

322378 : 0x366f4f774686b : 2 : ittapi_config_apply_per_lib :  ITTAPI function NOT instrumented (not matched by --itt-config option): __itt_counter_inc_delta_v3

322378 : 0x366f4f774a8ca : 2 : ittapi_config_apply_per_lib :  ITTAPI function NOT instrumented (not matched by --itt-config option): __itt_counter_dec_v3

322378 : 0x366f4f774b2a2 : 2 : ittapi_config_apply_per_lib :  ITTAPI function NOT instrumented (not matched by --itt-config option): __itt_counter_dec_delta_v3

322378 : 0x366f4f774c319 : 2 : ittapi_config_apply_per_lib :  ITTAPI function not implemented: __itt_marker
322378 : 0x366f4f774d200 : 2 : ittapi_config_apply_per_lib :  ITTAPI function instrumented: __itt_metadata_add
322378 : 0x366f4f774e13f : 2 : ittapi_config_apply_per_lib :  ITTAPI function not implemented: __itt_metadata_str_add
322378 : 0x366f4f774efd5 : 2 : ittapi_config_apply_per_lib :  ITTAPI function not implemented: __itt_relation_add_to_current
322378 : 0x366f4f774fe79 : 2 : ittapi_config_apply_per_lib :  ITTAPI function not implemented: __itt_relation_add
322378 : 0x366f4f7750a8a : 2 : ittapi_config_apply_per_lib :  ITTAPI function instrumented: __itt_event_create
322378 : 0x366f4f77513d0 : 2 : ittapi_config_apply_per_lib :  ITTAPI function NOT instrumented (not matched by --itt-config option): __itt_event_start

322378 : 0x366f4f7751d31 : 2 : ittapi_config_apply_per_lib :  ITTAPI function NOT instrumented (not matched by --itt-config option): __itt_event_end

322378 : 0x366f4f7756184 : 2 : ittapi_config_apply_per_lib :  ITTAPI function NOT instrumented (not matched by --itt-config option): __itt_sync_set_name

322378 : 0x366f4f7756c57 : 2 : ittapi_config_apply_per_lib :  ITTAPI function NOT instrumented (not matched by --itt-config option): __itt_notify_sync_name

322378 : 0x366f4f7757621 : 2 : ittapi_config_apply_per_lib :  ITTAPI function NOT instrumented (not matched by --itt-config option): __itt_notify_sync_prepare

322378 : 0x366f4f7757f46 : 2 : ittapi_config_apply_per_lib :  ITTAPI function NOT instrumented (not matched by --itt-config option): __itt_notify_sync_cancel

322378 : 0x366f4f77589c2 : 2 : ittapi_config_apply_per_lib :  ITTAPI function NOT instrumented (not matched by --itt-config option): __itt_notify_sync_acquired

322378 : 0x366f4f775934d : 2 : ittapi_config_apply_per_lib :  ITTAPI function NOT instrumented (not matched by --itt-config option): __itt_notify_sync_releasing

322378 : 0x366f4f775a2b1 : 2 : ittapi_config_apply_per_lib :  ITTAPI function not implemented: __itt_memory_read
322378 : 0x366f4f775b1f1 : 2 : ittapi_config_apply_per_lib :  ITTAPI function not implemented: __itt_memory_write
322378 : 0x366f4f775c054 : 2 : ittapi_config_apply_per_lib :  ITTAPI function not implemented: __itt_memory_update
322378 : 0x366f4f775d076 : 2 : ittapi_config_apply_per_lib :  ITTAPI function not implemented: __itt_state_get
322378 : 0x366f4f7763087 : 2 : ittapi_config_apply_per_lib :  ITTAPI function not implemented: __itt_state_set
322378 : 0x366f4f77641c1 : 2 : ittapi_config_apply_per_lib :  ITTAPI function not implemented: __itt_obj_mode_set
322378 : 0x366f4f776528b : 2 : ittapi_config_apply_per_lib :  ITTAPI function not implemented: __itt_thr_mode_set
322378 : 0x366f4f7765e51 : 2 : ittapi_config_apply_per_lib :  ITTAPI function instrumented: __itt_frame_create
322378 : 0x366f4f7766983 : 2 : ittapi_config_apply_per_lib :  ITTAPI function instrumented: __itt_pt_region_create
322378 : 0x366f4f77676c5 : 2 : ittapi_config_apply_per_lib :  ITTAPI function instrumented: __itt_frame_begin
322378 : 0x366f4f77683b5 : 2 : ittapi_config_apply_per_lib :  ITTAPI function instrumented: __itt_frame_end
322378 : 0x366f4f7768de7 : 2 : ittapi_config_apply_per_lib :  ITTAPI function NOT instrumented (not matched by --itt-config option): __itt_counter_destroy

322378 : 0x366f4f77697db : 2 : ittapi_config_apply_per_lib :  ITTAPI function NOT instrumented (not matched by --itt-config option): __itt_counter_inc

322378 : 0x366f4f776a10a : 2 : ittapi_config_apply_per_lib :  ITTAPI function NOT instrumented (not matched by --itt-config option): __itt_counter_inc_delta

322378 : 0x366f4f776e3f3 : 2 : ittapi_config_apply_per_lib :  ITTAPI function NOT instrumented (not matched by --itt-config option): __itt_counter_dec

322378 : 0x366f4f776eeef : 2 : ittapi_config_apply_per_lib :  ITTAPI function NOT instrumented (not matched by --itt-config option): __itt_counter_dec_delta

322378 : 0x366f4f776f84f : 2 : ittapi_config_apply_per_lib :  ITTAPI function NOT instrumented (not matched by --itt-config option): __itt_counter_set_value

322378 : 0x366f4f77700e8 : 2 : ittapi_config_apply_per_lib :  ITTAPI function NOT instrumented (not matched by --itt-config option): __itt_counter_set_value_ex

322378 : 0x366f4f7770ee2 : 2 : ittapi_config_apply_per_lib :  ITTAPI function not implemented: __itt_mark_create
322378 : 0x366f4f7771eb9 : 2 : ittapi_config_apply_per_lib :  ITTAPI function not implemented: __itt_mark
322378 : 0x366f4f7772e35 : 2 : ittapi_config_apply_per_lib :  ITTAPI function not implemented: __itt_mark_off
322378 : 0x366f4f7773d9d : 2 : ittapi_config_apply_per_lib :  ITTAPI function not implemented: __itt_mark_global
322378 : 0x366f4f7774c1f : 2 : ittapi_config_apply_per_lib :  ITTAPI function not implemented: __itt_mark_global_off
322378 : 0x366f4f7775ba5 : 2 : ittapi_config_apply_per_lib :  ITTAPI function instrumented: __itt_stack_caller_create
322378 : 0x366f4f777a7ae : 2 : ittapi_config_apply_per_lib :  ITTAPI function instrumented: __itt_stack_caller_destroy
322378 : 0x366f4f777e7f4 : 2 : ittapi_config_apply_per_lib :  ITTAPI function instrumented: __itt_stack_callee_enter
322378 : 0x366f4f777f56d : 2 : ittapi_config_apply_per_lib :  ITTAPI function instrumented: __itt_stack_callee_leave
322378 : 0x366f4f77803df : 2 : ittapi_config_apply_per_lib :  ITTAPI function not implemented: __itt_clock_domain_create
322378 : 0x366f4f7781401 : 2 : ittapi_config_apply_per_lib :  ITTAPI function not implemented: __itt_clock_domain_reset
322378 : 0x366f4f7782173 : 2 : ittapi_config_apply_per_lib :  ITTAPI function not implemented: __itt_id_create_ex
322378 : 0x366f4f778306e : 2 : ittapi_config_apply_per_lib :  ITTAPI function not implemented: __itt_id_destroy_ex
322378 : 0x366f4f778396b : 2 : ittapi_config_apply_per_lib :  ITTAPI function NOT instrumented (not matched by --itt-config option): __itt_task_begin_ex

322378 : 0x366f4f77842d5 : 2 : ittapi_config_apply_per_lib :  ITTAPI function NOT instrumented (not matched by --itt-config option): __itt_task_begin_fn_ex

322378 : 0x366f4f7784c6b : 2 : ittapi_config_apply_per_lib :  ITTAPI function NOT instrumented (not matched by --itt-config option): __itt_task_end_ex

322378 : 0x366f4f778b311 : 2 : ittapi_config_apply_per_lib :  ITTAPI function NOT instrumented (not matched by --itt-config option): __itt_task_begin_overlapped

322378 : 0x366f4f778bde5 : 2 : ittapi_config_apply_per_lib :  ITTAPI function NOT instrumented (not matched by --itt-config option): __itt_task_begin_overlapped_ex

322378 : 0x366f4f778c6d8 : 2 : ittapi_config_apply_per_lib :  ITTAPI function NOT instrumented (not matched by --itt-config option): __itt_task_end_overlapped

322378 : 0x366f4f778cf01 : 2 : ittapi_config_apply_per_lib :  ITTAPI function NOT instrumented (not matched by --itt-config option): __itt_task_end_overlapped_ex

322378 : 0x366f4f778de82 : 2 : ittapi_config_apply_per_lib :  ITTAPI function not implemented: __itt_marker_ex
322378 : 0x366f4f778ee78 : 2 : ittapi_config_apply_per_lib :  ITTAPI function not implemented: __itt_metadata_add_with_scope
322378 : 0x366f4f778fd8d : 2 : ittapi_config_apply_per_lib :  ITTAPI function not implemented: __itt_metadata_str_add_with_scope
322378 : 0x366f4f7790c8e : 2 : ittapi_config_apply_per_lib :  ITTAPI function not implemented: __itt_relation_add_to_current_ex
322378 : 0x366f4f7791aae : 2 : ittapi_config_apply_per_lib :  ITTAPI function not implemented: __itt_relation_add_ex
322378 : 0x366f4f779283d : 2 : ittapi_config_apply_per_lib :  ITTAPI function not implemented: __itt_track_group_create
322378 : 0x366f4f7796fe1 : 2 : ittapi_config_apply_per_lib :  ITTAPI function not implemented: __itt_track_create
322378 : 0x366f4f7798053 : 2 : ittapi_config_apply_per_lib :  ITTAPI function not implemented: __itt_set_track
322378 : 0x366f4f7798e44 : 2 : ittapi_config_apply_per_lib :  ITTAPI function instrumented: __itt_api_version
322378 : 0x366f4f7799cf5 : 2 : ittapi_config_apply_per_lib :  ITTAPI function not implemented: __itt_av_save
322378 : 0x366f4f779a9d4 : 2 : ittapi_config_apply_per_lib :  ITTAPI function instrumented: __itt_module_load
322378 : 0x366f4f779b8d0 : 2 : ittapi_config_apply_per_lib :  ITTAPI function not implemented: __itt_module_unload
322378 : 0x366f4f779c395 : 2 : ittapi_config_apply_per_lib :  ITTAPI function NOT instrumented (not matched by --itt-config option): __itt_histogram_submit
