8 [4136019712] INFO perfrun.launcher <> - Launcher main begin
9 [4136019712] INFO perfrun.launcher <> - MessageCatalogInit finished
9 [4136019712] INFO perfrun.launcher <> - Launcher instance created
9 [4136019712] INFO perfrun.launcher <> - argc = 6; cmdline = /home/vtune/intel/vtune_profiler_2020.0.0.606166/bin32/amplxe-runss -dump-vdso -r /home/vtune/intel/vtune/projects/sample (matrix)/r000hs --tmp-dir /tmp/amplxe-tmp-vtune 
19 [4136019712] INFO perfrun.launcher <> - plugin remoteplug has been added successfully
19 [4136019712] INFO perfrun.launcher <> - plugin  has been added successfully
19 [4136019712] INFO perfrun.launcher <> - plugin vdso has been added successfully
19 [4136019712] INFO perfrun.launcher <> - plugin  has been added successfully
19 [4136019712] INFO perfrun.launcher <> - plugin  has been added successfully
19 [4136019712] INFO perfrun.launcher <> - plugin  has been added successfully
19 [4136019712] INFO perfrun.launcher <> - plugin  has been added successfully
19 [4136019712] INFO perfrun.launcher <> - plugin  has been added successfully
19 [4136019712] INFO perfrun.launcher <> - plugin  has been added successfully
19 [4136019712] INFO perfrun.launcher <> - plugin  has been added successfully
19 [4136019712] INFO perfrun.launcher <> - plugin  has been added successfully
19 [4136019712] INFO perfrun.launcher <> - plugin  has been added successfully
19 [4136019712] INFO perfrun.launcher <> - plugin  has been added successfully
20 [4136019712] INFO perfrun.launcher <> - plugin  has been added successfully
20 [4136019712] INFO perfrun.launcher <> - plugin  has been added successfully
20 [4136019712] INFO perfrun.launcher <> - plugin  has been added successfully
20 [4136019712] INFO perfrun.launcher <> - plugin  has been added successfully
20 [4136019712] INFO perfrun.launcher <> - plugin  has been added successfully
20 [4136019712] INFO perfrun.launcher <> - plugin  has been added successfully
20 [4136019712] INFO perfrun.launcher <> - plugin  has been added successfully
20 [4136019712] INFO perfrun.launcher <> - plugin  has been added successfully
20 [4136019712] INFO perfrun.launcher <> - plugin  has been added successfully
20 [4136019712] INFO perfrun.launcher <> - plugin  has been added successfully
20 [4136019712] INFO perfrun.launcher <> - plugin  has been added successfully
21 [4136019712] INFO perfrun.launcher <> - the option was added --interval: Specify an interval of data collection (for example, sampling) in milliseconds.
21 [4136019712] INFO perfrun.launcher <> - the option was added --follow-child: Profile process with or without children.
21 [4136019712] INFO perfrun.launcher <> - the option was added --gelding: BADMSG: perfrun1.launcher.plugin_manager::gelding
21 [4136019712] INFO perfrun.launcher <> - the option was added --time-source: Specify time source for measurement. Possible values: sys - wall clock time; tsc - time stamp counter; ext - time from an external source; auto - auto select accurate time source.
21 [4136019712] INFO perfrun.launcher <> - the option was added --stack: Enable or disable collection of stacks.
21 [4136019712] INFO perfrun.launcher <> - the option was added --stack-stitching: Enable or disable the stack stitching algorithm for Intel TBB-based applications.
21 [4136019712] INFO perfrun.launcher <> - the option was added --type: Specify type of data to be collected. For example, --type cpu:counters,waiting:nostack,io.
21 [4136019712] INFO perfrun.launcher <> - the option was added --mrte-mode: Specify Java/.NET/other managed runtime collection mode. Possible values: native - collect information only for native code; managed - collect information only for managed code; mixed - collect information for both managed and native code; auto - choose the mode based on binary type.
21 [4136019712] INFO perfrun.launcher <> - the option was added --mrte-mode-list: List supported Java/.NET/other managed runtime collection modes.
21 [4136019712] INFO perfrun.launcher <> - the option was added --mrte-type: Specify which managed runtimes to collect. Possible values: java - collect information for Java; dotnet - collect information for .NET; python - collect information for CPython. You can specify several values separated by comma.
21 [4136019712] INFO perfrun.launcher <> - the option was added --mrte-type-list: List supported Java/.NET/other managed runtime types.
21 [4136019712] INFO perfrun.launcher <> - the option was added --trace-strategy: Specify how to profile a process tree. <string> can be "<process>:trace:notrace" - profile the process but do not profile its children. Shorthand parameters: t - trace, nt - notrace. For example, "vtunedemo.exe:t:t".
21 [4136019712] INFO perfrun.launcher <> - the option was added --collector: BADMSG: perfrun1.launcher.plugin_manager::collector
21 [4136019712] INFO perfrun.launcher <> - the option was added --system-wide: Enable system-wide profiling. This mode may require additional permissions.
21 [4136019712] INFO perfrun.launcher <> - the option was added --kvm-guest: Enable KVM guest OS profiling.
21 [4136019712] INFO perfrun.launcher <> - the option was added --kvm-guest-kallsyms: Specify a local path to the /proc/kallsyms file copied from the guest OS for proper symbol resolution.
21 [4136019712] INFO perfrun.launcher <> - the option was added --kvm-guest-modules: Specify a local path to the /proc/modules file copied from the guest OS for proper symbol resolution.
21 [4136019712] INFO perfrun.launcher <> - the option was added --dump-vdso: Dump [vdso] to result directory
21 [4136019712] INFO perfrun.launcher <> - the option was added --system-collector-config: Specify subcollectors. Possible values: all, vdso.
22 [4136019712] INFO perfrun.launcher <> - create msngr2::ICliToolContext
22 [4136019712] INFO perfrun.launcher <> - create file finder object
23 [4135271232] INFO perfrun.launcher <> - plugin [remoteplug] was disabled because it doesn't support the given collection type.
23 [4135271232] INFO perfrun.launcher <> - plugin [] was disabled because it doesn't support the given collection type.
23 [4135271232] INFO perfrun.vdso <> - dumping [vdso] pseudomodule
23 [4135271232] INFO perfrun.launcher <> - plugin [] was disabled because it doesn't support the given collection type.
23 [4135271232] INFO perfrun.launcher <> - plugin [] was disabled because it doesn't support the given collection type.
23 [4135271232] INFO perfrun.launcher <> - plugin [] was disabled because it doesn't support the given collection type.
23 [4135271232] INFO perfrun.launcher <> - plugin [] was disabled because it doesn't support the given collection type.
23 [4135271232] INFO perfrun.launcher <> - plugin [] was disabled because it doesn't support the given collection type.
23 [4135271232] INFO perfrun.launcher <> - plugin [] was disabled because it doesn't support the given collection type.
23 [4135271232] INFO perfrun.launcher <> - plugin [] was disabled because it doesn't support the given collection type.
23 [4135271232] INFO perfrun.launcher <> - plugin [] was disabled because it doesn't support the given collection type.
23 [4135271232] INFO perfrun.launcher <> - plugin [] was disabled because it doesn't support the given collection type.
23 [4135271232] INFO perfrun.launcher <> - plugin [] was disabled because it doesn't support the given collection type.
23 [4135271232] INFO perfrun.launcher <> - plugin [] was disabled because it doesn't support the given collection type.
23 [4135271232] INFO perfrun.launcher <> - plugin [] was disabled because it doesn't support the given collection type.
23 [4135271232] INFO perfrun.launcher <> - plugin [] was disabled because it doesn't support the given collection type.
23 [4135271232] INFO perfrun.launcher <> - plugin [] was disabled because it doesn't support the given collection type.
23 [4135271232] INFO perfrun.launcher <> - plugin [] was disabled because it doesn't support the given collection type.
23 [4135271232] INFO perfrun.launcher <> - plugin [] was disabled because it doesn't support the given collection type.
23 [4135271232] INFO perfrun.launcher <> - plugin [] was disabled because it doesn't support the given collection type.
23 [4135271232] INFO perfrun.launcher <> - plugin [] was disabled because it doesn't support the given collection type.
23 [4135271232] INFO perfrun.launcher <> - plugin [] was disabled because it doesn't support the given collection type.
23 [4135271232] INFO perfrun.launcher <> - plugin [] was disabled because it doesn't support the given collection type.
23 [4135271232] INFO perfrun.launcher <> - plugin [] was disabled because it doesn't support the given collection type.
23 [4136019712] INFO perfrun.launcher <> - Application exit code: 0
23 [4136019712] INFO perfrun.launcher <> - Exit code: 0
